[0.399s] Invoking command in '/home/sam/turtlebot3_ws/build/turtlebot3_example': AMENT_PREFIX_PATH=/home/sam/turtlebot3_ws/install/turtlebot3_msgs:${AMENT_PREFIX_PATH} CMAKE_PREFIX_PATH=/home/sam/turtlebot3_ws/install/turtlebot3_msgs LD_LIBRARY_PATH=/home/sam/turtlebot3_ws/install/turtlebot3_msgs/lib:${LD_LIBRARY_PATH} PYTHONPATH=/home/sam/turtlebot3_ws/build/turtlebot3_example/prefix_override:/home/sam/turtlebot3_ws/install/turtlebot3_example/lib/python3.10/site-packages:/home/sam/turtlebot3_ws/install/turtlebot3_msgs/local/lib/python3.10/dist-packages:${PYTHONPATH} /usr/bin/python3 -W ignore:setup.py install is deprecated setup.py develop --editable --build-directory /home/sam/turtlebot3_ws/build/turtlebot3_example/build --no-deps symlink_data
[0.554s] running develop
[0.554s] /usr/lib/python3/dist-packages/setuptools/command/easy_install.py:158: EasyInstallDeprecationWarning: easy_install command is deprecated. Use build and pip and other standards-based tools.
[0.554s]   warnings.warn(
[0.646s] running egg_info
[0.646s] writing turtlebot3_example.egg-info/PKG-INFO
[0.646s] writing dependency_links to turtlebot3_example.egg-info/dependency_links.txt
[0.646s] writing entry points to turtlebot3_example.egg-info/entry_points.txt
[0.646s] writing requirements to turtlebot3_example.egg-info/requires.txt
[0.647s] writing top-level names to turtlebot3_example.egg-info/top_level.txt
[0.648s] reading manifest file 'turtlebot3_example.egg-info/SOURCES.txt'
[0.649s] writing manifest file 'turtlebot3_example.egg-info/SOURCES.txt'
[0.650s] running build_ext
[0.650s] Creating /home/sam/turtlebot3_ws/install/turtlebot3_example/lib/python3.10/site-packages/turtlebot3-example.egg-link (link to .)
[0.650s] Installing turtlebot3_obstacle_detection script to /home/sam/turtlebot3_ws/install/turtlebot3_example/lib/turtlebot3_example
[0.650s] Installing turtlebot3_patrol_client script to /home/sam/turtlebot3_ws/install/turtlebot3_example/lib/turtlebot3_example
[0.651s] Installing turtlebot3_patrol_server script to /home/sam/turtlebot3_ws/install/turtlebot3_example/lib/turtlebot3_example
[0.651s] Installing turtlebot3_position_control script to /home/sam/turtlebot3_ws/install/turtlebot3_example/lib/turtlebot3_example
[0.651s] 
[0.651s] Installed /home/sam/turtlebot3_ws/build/turtlebot3_example
[0.651s] running symlink_data
[0.668s] Invoked command in '/home/sam/turtlebot3_ws/build/turtlebot3_example' returned '0': AMENT_PREFIX_PATH=/home/sam/turtlebot3_ws/install/turtlebot3_msgs:${AMENT_PREFIX_PATH} CMAKE_PREFIX_PATH=/home/sam/turtlebot3_ws/install/turtlebot3_msgs LD_LIBRARY_PATH=/home/sam/turtlebot3_ws/install/turtlebot3_msgs/lib:${LD_LIBRARY_PATH} PYTHONPATH=/home/sam/turtlebot3_ws/build/turtlebot3_example/prefix_override:/home/sam/turtlebot3_ws/install/turtlebot3_example/lib/python3.10/site-packages:/home/sam/turtlebot3_ws/install/turtlebot3_msgs/local/lib/python3.10/dist-packages:${PYTHONPATH} /usr/bin/python3 -W ignore:setup.py install is deprecated setup.py develop --editable --build-directory /home/sam/turtlebot3_ws/build/turtlebot3_example/build --no-deps symlink_data
