[0.058s] DEBUG:colcon:Command line arguments: ['/usr/bin/colcon', 'build', '--packages-select', 'actions_py']
[0.058s] DEBUG:colcon:Parsed command line arguments: Namespace(log_base=None, log_level=None, verb_name='build', build_base='build', install_base='install', merge_install=False, symlink_install=False, test_result_base=None, continue_on_error=False, executor='parallel', parallel_workers=8, event_handlers=None, ignore_user_meta=False, metas=['./colcon.meta'], base_paths=['.'], packages_ignore=None, packages_ignore_regex=None, paths=None, packages_up_to=None, packages_up_to_regex=None, packages_above=None, packages_above_and_dependencies=None, packages_above_depth=None, packages_select_by_dep=None, packages_skip_by_dep=None, packages_skip_up_to=None, packages_select_build_failed=False, packages_skip_build_finished=False, packages_select_test_failures=False, packages_skip_test_passed=False, packages_select=['actions_py'], packages_skip=None, packages_select_regex=None, packages_skip_regex=None, packages_start=None, packages_end=None, allow_overriding=[], cmake_args=None, cmake_target=None, cmake_target_skip_unavailable=False, cmake_clean_cache=False, cmake_clean_first=False, cmake_force_configure=False, ament_cmake_args=None, catkin_cmake_args=None, catkin_skip_building_tests=False, verb_parser=<colcon_defaults.argument_parser.defaults.DefaultArgumentsDecorator object at 0x7cdd9b03a200>, verb_extension=<colcon_core.verb.build.BuildVerb object at 0x7cdd9b039d20>, main=<bound method BuildVerb.main of <colcon_core.verb.build.BuildVerb object at 0x7cdd9b039d20>>)
[0.146s] Level 1:colcon.colcon_core.package_discovery:discover_packages(colcon_meta) check parameters
[0.146s] Level 1:colcon.colcon_core.package_discovery:discover_packages(recursive) check parameters
[0.146s] Level 1:colcon.colcon_core.package_discovery:discover_packages(ignore) check parameters
[0.146s] Level 1:colcon.colcon_core.package_discovery:discover_packages(path) check parameters
[0.146s] Level 1:colcon.colcon_core.package_discovery:discover_packages(colcon_meta) discover
[0.146s] Level 1:colcon.colcon_core.package_discovery:discover_packages(recursive) discover
[0.146s] INFO:colcon.colcon_core.package_discovery:Crawling recursively for packages in '/home/sam/turtlebot3_ws/src'
[0.146s] Level 1:colcon.colcon_core.package_identification:_identify(.) by extensions ['ignore', 'ignore_ament_install']
[0.146s] Level 1:colcon.colcon_core.package_identification:_identify(.) by extension 'ignore'
[0.146s] Level 1:colcon.colcon_core.package_identification:_identify(.) by extension 'ignore_ament_install'
[0.146s] Level 1:colcon.colcon_core.package_identification:_identify(.) by extensions ['colcon_pkg']
[0.146s] Level 1:colcon.colcon_core.package_identification:_identify(.) by extension 'colcon_pkg'
[0.146s] Level 1:colcon.colcon_core.package_identification:_identify(.) by extensions ['colcon_meta']
[0.146s] Level 1:colcon.colcon_core.package_identification:_identify(.) by extension 'colcon_meta'
[0.146s] Level 1:colcon.colcon_core.package_identification:_identify(.) by extensions ['ros']
[0.146s] Level 1:colcon.colcon_core.package_identification:_identify(.) by extension 'ros'
[0.153s] Level 1:colcon.colcon_core.package_identification:_identify(.) by extensions ['cmake', 'python']
[0.153s] Level 1:colcon.colcon_core.package_identification:_identify(.) by extension 'cmake'
[0.153s] Level 1:colcon.colcon_core.package_identification:_identify(.) by extension 'python'
[0.153s] Level 1:colcon.colcon_core.package_identification:_identify(.) by extensions ['python_setup_py']
[0.153s] Level 1:colcon.colcon_core.package_identification:_identify(.) by extension 'python_setup_py'
[0.153s] Level 1:colcon.colcon_core.package_identification:_identify(actions_py) by extensions ['ignore', 'ignore_ament_install']
[0.153s] Level 1:colcon.colcon_core.package_identification:_identify(actions_py) by extension 'ignore'
[0.153s] Level 1:colcon.colcon_core.package_identification:_identify(actions_py) by extension 'ignore_ament_install'
[0.153s] Level 1:colcon.colcon_core.package_identification:_identify(actions_py) by extensions ['colcon_pkg']
[0.153s] Level 1:colcon.colcon_core.package_identification:_identify(actions_py) by extension 'colcon_pkg'
[0.153s] Level 1:colcon.colcon_core.package_identification:_identify(actions_py) by extensions ['colcon_meta']
[0.153s] Level 1:colcon.colcon_core.package_identification:_identify(actions_py) by extension 'colcon_meta'
[0.153s] Level 1:colcon.colcon_core.package_identification:_identify(actions_py) by extensions ['ros']
[0.153s] Level 1:colcon.colcon_core.package_identification:_identify(actions_py) by extension 'ros'
[0.154s] DEBUG:colcon.colcon_core.package_identification:Package 'actions_py' with type 'ros.ament_python' and name 'actions_py'
[0.154s] Level 1:colcon.colcon_core.package_identification:_identify(build) by extensions ['ignore', 'ignore_ament_install']
[0.154s] Level 1:colcon.colcon_core.package_identification:_identify(build) by extension 'ignore'
[0.154s] Level 1:colcon.colcon_core.package_identification:_identify(build) ignored
[0.154s] Level 1:colcon.colcon_core.package_identification:_identify(install) by extensions ['ignore', 'ignore_ament_install']
[0.154s] Level 1:colcon.colcon_core.package_identification:_identify(install) by extension 'ignore'
[0.154s] Level 1:colcon.colcon_core.package_identification:_identify(install) ignored
[0.154s] Level 1:colcon.colcon_core.package_identification:_identify(log) by extensions ['ignore', 'ignore_ament_install']
[0.155s] Level 1:colcon.colcon_core.package_identification:_identify(log) by extension 'ignore'
[0.155s] Level 1:colcon.colcon_core.package_identification:_identify(log) ignored
[0.155s] Level 1:colcon.colcon_core.package_identification:_identify(res_sim) by extensions ['ignore', 'ignore_ament_install']
[0.155s] Level 1:colcon.colcon_core.package_identification:_identify(res_sim) by extension 'ignore'
[0.155s] Level 1:colcon.colcon_core.package_identification:_identify(res_sim) by extension 'ignore_ament_install'
[0.155s] Level 1:colcon.colcon_core.package_identification:_identify(res_sim) by extensions ['colcon_pkg']
[0.155s] Level 1:colcon.colcon_core.package_identification:_identify(res_sim) by extension 'colcon_pkg'
[0.155s] Level 1:colcon.colcon_core.package_identification:_identify(res_sim) by extensions ['colcon_meta']
[0.155s] Level 1:colcon.colcon_core.package_identification:_identify(res_sim) by extension 'colcon_meta'
[0.155s] Level 1:colcon.colcon_core.package_identification:_identify(res_sim) by extensions ['ros']
[0.155s] Level 1:colcon.colcon_core.package_identification:_identify(res_sim) by extension 'ros'
[0.155s] DEBUG:colcon.colcon_core.package_identification:Package 'res_sim' with type 'ros.ament_python' and name 'res_sim'
[0.155s] Level 1:colcon.colcon_core.package_identification:_identify(simulation_interfaces) by extensions ['ignore', 'ignore_ament_install']
[0.155s] Level 1:colcon.colcon_core.package_identification:_identify(simulation_interfaces) by extension 'ignore'
[0.155s] Level 1:colcon.colcon_core.package_identification:_identify(simulation_interfaces) by extension 'ignore_ament_install'
[0.155s] Level 1:colcon.colcon_core.package_identification:_identify(simulation_interfaces) by extensions ['colcon_pkg']
[0.155s] Level 1:colcon.colcon_core.package_identification:_identify(simulation_interfaces) by extension 'colcon_pkg'
[0.155s] Level 1:colcon.colcon_core.package_identification:_identify(simulation_interfaces) by extensions ['colcon_meta']
[0.155s] Level 1:colcon.colcon_core.package_identification:_identify(simulation_interfaces) by extension 'colcon_meta'
[0.155s] Level 1:colcon.colcon_core.package_identification:_identify(simulation_interfaces) by extensions ['ros']
[0.155s] Level 1:colcon.colcon_core.package_identification:_identify(simulation_interfaces) by extension 'ros'
[0.155s] DEBUG:colcon.colcon_core.package_identification:Package 'simulation_interfaces' with type 'ros.ament_cmake' and name 'simulation_interfaces'
[0.155s] Level 1:colcon.colcon_core.package_identification:_identify(tb3_sim) by extensions ['ignore', 'ignore_ament_install']
[0.156s] Level 1:colcon.colcon_core.package_identification:_identify(tb3_sim) by extension 'ignore'
[0.156s] Level 1:colcon.colcon_core.package_identification:_identify(tb3_sim) by extension 'ignore_ament_install'
[0.156s] Level 1:colcon.colcon_core.package_identification:_identify(tb3_sim) by extensions ['colcon_pkg']
[0.156s] Level 1:colcon.colcon_core.package_identification:_identify(tb3_sim) by extension 'colcon_pkg'
[0.156s] Level 1:colcon.colcon_core.package_identification:_identify(tb3_sim) by extensions ['colcon_meta']
[0.156s] Level 1:colcon.colcon_core.package_identification:_identify(tb3_sim) by extension 'colcon_meta'
[0.156s] Level 1:colcon.colcon_core.package_identification:_identify(tb3_sim) by extensions ['ros']
[0.156s] Level 1:colcon.colcon_core.package_identification:_identify(tb3_sim) by extension 'ros'
[0.156s] DEBUG:colcon.colcon_core.package_identification:Package 'tb3_sim' with type 'ros.ament_python' and name 'tb3_sim'
[0.156s] Level 1:colcon.colcon_core.package_identification:_identify(turtlebot3) by extensions ['ignore', 'ignore_ament_install']
[0.156s] Level 1:colcon.colcon_core.package_identification:_identify(turtlebot3) by extension 'ignore'
[0.156s] Level 1:colcon.colcon_core.package_identification:_identify(turtlebot3) by extension 'ignore_ament_install'
[0.156s] Level 1:colcon.colcon_core.package_identification:_identify(turtlebot3) by extensions ['colcon_pkg']
[0.156s] Level 1:colcon.colcon_core.package_identification:_identify(turtlebot3) by extension 'colcon_pkg'
[0.156s] Level 1:colcon.colcon_core.package_identification:_identify(turtlebot3) by extensions ['colcon_meta']
[0.156s] Level 1:colcon.colcon_core.package_identification:_identify(turtlebot3) by extension 'colcon_meta'
[0.156s] Level 1:colcon.colcon_core.package_identification:_identify(turtlebot3) by extensions ['ros']
[0.156s] Level 1:colcon.colcon_core.package_identification:_identify(turtlebot3) by extension 'ros'
[0.156s] Level 1:colcon.colcon_core.package_identification:_identify(turtlebot3) by extensions ['cmake', 'python']
[0.156s] Level 1:colcon.colcon_core.package_identification:_identify(turtlebot3) by extension 'cmake'
[0.156s] Level 1:colcon.colcon_core.package_identification:_identify(turtlebot3) by extension 'python'
[0.156s] Level 1:colcon.colcon_core.package_identification:_identify(turtlebot3) by extensions ['python_setup_py']
[0.156s] Level 1:colcon.colcon_core.package_identification:_identify(turtlebot3) by extension 'python_setup_py'
[0.156s] Level 1:colcon.colcon_core.package_identification:_identify(turtlebot3/turtlebot3) by extensions ['ignore', 'ignore_ament_install']
[0.156s] Level 1:colcon.colcon_core.package_identification:_identify(turtlebot3/turtlebot3) by extension 'ignore'
[0.156s] Level 1:colcon.colcon_core.package_identification:_identify(turtlebot3/turtlebot3) by extension 'ignore_ament_install'
[0.156s] Level 1:colcon.colcon_core.package_identification:_identify(turtlebot3/turtlebot3) by extensions ['colcon_pkg']
[0.157s] Level 1:colcon.colcon_core.package_identification:_identify(turtlebot3/turtlebot3) by extension 'colcon_pkg'
[0.157s] Level 1:colcon.colcon_core.package_identification:_identify(turtlebot3/turtlebot3) by extensions ['colcon_meta']
[0.157s] Level 1:colcon.colcon_core.package_identification:_identify(turtlebot3/turtlebot3) by extension 'colcon_meta'
[0.157s] Level 1:colcon.colcon_core.package_identification:_identify(turtlebot3/turtlebot3) by extensions ['ros']
[0.157s] Level 1:colcon.colcon_core.package_identification:_identify(turtlebot3/turtlebot3) by extension 'ros'
[0.157s] Level 1:colcon.colcon_core.package_identification:_identify(turtlebot3/turtlebot3) by extensions ['cmake', 'python']
[0.157s] Level 1:colcon.colcon_core.package_identification:_identify(turtlebot3/turtlebot3) by extension 'cmake'
[0.157s] Level 1:colcon.colcon_core.package_identification:_identify(turtlebot3/turtlebot3) by extension 'python'
[0.157s] Level 1:colcon.colcon_core.package_identification:_identify(turtlebot3/turtlebot3) by extensions ['python_setup_py']
[0.157s] Level 1:colcon.colcon_core.package_identification:_identify(turtlebot3/turtlebot3) by extension 'python_setup_py'
[0.157s] Level 1:colcon.colcon_core.package_identification:_identify(turtlebot3/turtlebot3/turtlebot3) by extensions ['ignore', 'ignore_ament_install']
[0.157s] Level 1:colcon.colcon_core.package_identification:_identify(turtlebot3/turtlebot3/turtlebot3) by extension 'ignore'
[0.157s] Level 1:colcon.colcon_core.package_identification:_identify(turtlebot3/turtlebot3/turtlebot3) by extension 'ignore_ament_install'
[0.157s] Level 1:colcon.colcon_core.package_identification:_identify(turtlebot3/turtlebot3/turtlebot3) by extensions ['colcon_pkg']
[0.157s] Level 1:colcon.colcon_core.package_identification:_identify(turtlebot3/turtlebot3/turtlebot3) by extension 'colcon_pkg'
[0.157s] Level 1:colcon.colcon_core.package_identification:_identify(turtlebot3/turtlebot3/turtlebot3) by extensions ['colcon_meta']
[0.157s] Level 1:colcon.colcon_core.package_identification:_identify(turtlebot3/turtlebot3/turtlebot3) by extension 'colcon_meta'
[0.157s] Level 1:colcon.colcon_core.package_identification:_identify(turtlebot3/turtlebot3/turtlebot3) by extensions ['ros']
[0.157s] Level 1:colcon.colcon_core.package_identification:_identify(turtlebot3/turtlebot3/turtlebot3) by extension 'ros'
[0.157s] DEBUG:colcon.colcon_core.package_identification:Package 'turtlebot3/turtlebot3/turtlebot3' with type 'ros.ament_cmake' and name 'turtlebot3'
[0.157s] Level 1:colcon.colcon_core.package_identification:_identify(turtlebot3/turtlebot3/turtlebot3_bringup) by extensions ['ignore', 'ignore_ament_install']
[0.157s] Level 1:colcon.colcon_core.package_identification:_identify(turtlebot3/turtlebot3/turtlebot3_bringup) by extension 'ignore'
[0.157s] Level 1:colcon.colcon_core.package_identification:_identify(turtlebot3/turtlebot3/turtlebot3_bringup) by extension 'ignore_ament_install'
[0.157s] Level 1:colcon.colcon_core.package_identification:_identify(turtlebot3/turtlebot3/turtlebot3_bringup) by extensions ['colcon_pkg']
[0.157s] Level 1:colcon.colcon_core.package_identification:_identify(turtlebot3/turtlebot3/turtlebot3_bringup) by extension 'colcon_pkg'
[0.157s] Level 1:colcon.colcon_core.package_identification:_identify(turtlebot3/turtlebot3/turtlebot3_bringup) by extensions ['colcon_meta']
[0.157s] Level 1:colcon.colcon_core.package_identification:_identify(turtlebot3/turtlebot3/turtlebot3_bringup) by extension 'colcon_meta'
[0.157s] Level 1:colcon.colcon_core.package_identification:_identify(turtlebot3/turtlebot3/turtlebot3_bringup) by extensions ['ros']
[0.157s] Level 1:colcon.colcon_core.package_identification:_identify(turtlebot3/turtlebot3/turtlebot3_bringup) by extension 'ros'
[0.158s] DEBUG:colcon.colcon_core.package_identification:Package 'turtlebot3/turtlebot3/turtlebot3_bringup' with type 'ros.ament_cmake' and name 'turtlebot3_bringup'
[0.158s] Level 1:colcon.colcon_core.package_identification:_identify(turtlebot3/turtlebot3/turtlebot3_cartographer) by extensions ['ignore', 'ignore_ament_install']
[0.158s] Level 1:colcon.colcon_core.package_identification:_identify(turtlebot3/turtlebot3/turtlebot3_cartographer) by extension 'ignore'
[0.158s] Level 1:colcon.colcon_core.package_identification:_identify(turtlebot3/turtlebot3/turtlebot3_cartographer) by extension 'ignore_ament_install'
[0.158s] Level 1:colcon.colcon_core.package_identification:_identify(turtlebot3/turtlebot3/turtlebot3_cartographer) by extensions ['colcon_pkg']
[0.158s] Level 1:colcon.colcon_core.package_identification:_identify(turtlebot3/turtlebot3/turtlebot3_cartographer) by extension 'colcon_pkg'
[0.158s] Level 1:colcon.colcon_core.package_identification:_identify(turtlebot3/turtlebot3/turtlebot3_cartographer) by extensions ['colcon_meta']
[0.158s] Level 1:colcon.colcon_core.package_identification:_identify(turtlebot3/turtlebot3/turtlebot3_cartographer) by extension 'colcon_meta'
[0.158s] Level 1:colcon.colcon_core.package_identification:_identify(turtlebot3/turtlebot3/turtlebot3_cartographer) by extensions ['ros']
[0.158s] Level 1:colcon.colcon_core.package_identification:_identify(turtlebot3/turtlebot3/turtlebot3_cartographer) by extension 'ros'
[0.158s] DEBUG:colcon.colcon_core.package_identification:Package 'turtlebot3/turtlebot3/turtlebot3_cartographer' with type 'ros.ament_cmake' and name 'turtlebot3_cartographer'
[0.158s] Level 1:colcon.colcon_core.package_identification:_identify(turtlebot3/turtlebot3/turtlebot3_description) by extensions ['ignore', 'ignore_ament_install']
[0.158s] Level 1:colcon.colcon_core.package_identification:_identify(turtlebot3/turtlebot3/turtlebot3_description) by extension 'ignore'
[0.158s] Level 1:colcon.colcon_core.package_identification:_identify(turtlebot3/turtlebot3/turtlebot3_description) by extension 'ignore_ament_install'
[0.158s] Level 1:colcon.colcon_core.package_identification:_identify(turtlebot3/turtlebot3/turtlebot3_description) by extensions ['colcon_pkg']
[0.158s] Level 1:colcon.colcon_core.package_identification:_identify(turtlebot3/turtlebot3/turtlebot3_description) by extension 'colcon_pkg'
[0.158s] Level 1:colcon.colcon_core.package_identification:_identify(turtlebot3/turtlebot3/turtlebot3_description) by extensions ['colcon_meta']
[0.158s] Level 1:colcon.colcon_core.package_identification:_identify(turtlebot3/turtlebot3/turtlebot3_description) by extension 'colcon_meta'
[0.158s] Level 1:colcon.colcon_core.package_identification:_identify(turtlebot3/turtlebot3/turtlebot3_description) by extensions ['ros']
[0.158s] Level 1:colcon.colcon_core.package_identification:_identify(turtlebot3/turtlebot3/turtlebot3_description) by extension 'ros'
[0.159s] DEBUG:colcon.colcon_core.package_identification:Package 'turtlebot3/turtlebot3/turtlebot3_description' with type 'ros.ament_cmake' and name 'turtlebot3_description'
[0.159s] Level 1:colcon.colcon_core.package_identification:_identify(turtlebot3/turtlebot3/turtlebot3_example) by extensions ['ignore', 'ignore_ament_install']
[0.159s] Level 1:colcon.colcon_core.package_identification:_identify(turtlebot3/turtlebot3/turtlebot3_example) by extension 'ignore'
[0.159s] Level 1:colcon.colcon_core.package_identification:_identify(turtlebot3/turtlebot3/turtlebot3_example) by extension 'ignore_ament_install'
[0.159s] Level 1:colcon.colcon_core.package_identification:_identify(turtlebot3/turtlebot3/turtlebot3_example) by extensions ['colcon_pkg']
[0.159s] Level 1:colcon.colcon_core.package_identification:_identify(turtlebot3/turtlebot3/turtlebot3_example) by extension 'colcon_pkg'
[0.159s] Level 1:colcon.colcon_core.package_identification:_identify(turtlebot3/turtlebot3/turtlebot3_example) by extensions ['colcon_meta']
[0.159s] Level 1:colcon.colcon_core.package_identification:_identify(turtlebot3/turtlebot3/turtlebot3_example) by extension 'colcon_meta'
[0.159s] Level 1:colcon.colcon_core.package_identification:_identify(turtlebot3/turtlebot3/turtlebot3_example) by extensions ['ros']
[0.159s] Level 1:colcon.colcon_core.package_identification:_identify(turtlebot3/turtlebot3/turtlebot3_example) by extension 'ros'
[0.159s] DEBUG:colcon.colcon_core.package_identification:Package 'turtlebot3/turtlebot3/turtlebot3_example' with type 'ros.ament_python' and name 'turtlebot3_example'
[0.159s] Level 1:colcon.colcon_core.package_identification:_identify(turtlebot3/turtlebot3/turtlebot3_navigation2) by extensions ['ignore', 'ignore_ament_install']
[0.159s] Level 1:colcon.colcon_core.package_identification:_identify(turtlebot3/turtlebot3/turtlebot3_navigation2) by extension 'ignore'
[0.159s] Level 1:colcon.colcon_core.package_identification:_identify(turtlebot3/turtlebot3/turtlebot3_navigation2) by extension 'ignore_ament_install'
[0.159s] Level 1:colcon.colcon_core.package_identification:_identify(turtlebot3/turtlebot3/turtlebot3_navigation2) by extensions ['colcon_pkg']
[0.159s] Level 1:colcon.colcon_core.package_identification:_identify(turtlebot3/turtlebot3/turtlebot3_navigation2) by extension 'colcon_pkg'
[0.159s] Level 1:colcon.colcon_core.package_identification:_identify(turtlebot3/turtlebot3/turtlebot3_navigation2) by extensions ['colcon_meta']
[0.159s] Level 1:colcon.colcon_core.package_identification:_identify(turtlebot3/turtlebot3/turtlebot3_navigation2) by extension 'colcon_meta'
[0.159s] Level 1:colcon.colcon_core.package_identification:_identify(turtlebot3/turtlebot3/turtlebot3_navigation2) by extensions ['ros']
[0.160s] Level 1:colcon.colcon_core.package_identification:_identify(turtlebot3/turtlebot3/turtlebot3_navigation2) by extension 'ros'
[0.160s] DEBUG:colcon.colcon_core.package_identification:Package 'turtlebot3/turtlebot3/turtlebot3_navigation2' with type 'ros.ament_cmake' and name 'turtlebot3_navigation2'
[0.160s] Level 1:colcon.colcon_core.package_identification:_identify(turtlebot3/turtlebot3/turtlebot3_node) by extensions ['ignore', 'ignore_ament_install']
[0.160s] Level 1:colcon.colcon_core.package_identification:_identify(turtlebot3/turtlebot3/turtlebot3_node) by extension 'ignore'
[0.160s] Level 1:colcon.colcon_core.package_identification:_identify(turtlebot3/turtlebot3/turtlebot3_node) by extension 'ignore_ament_install'
[0.160s] Level 1:colcon.colcon_core.package_identification:_identify(turtlebot3/turtlebot3/turtlebot3_node) by extensions ['colcon_pkg']
[0.160s] Level 1:colcon.colcon_core.package_identification:_identify(turtlebot3/turtlebot3/turtlebot3_node) by extension 'colcon_pkg'
[0.160s] Level 1:colcon.colcon_core.package_identification:_identify(turtlebot3/turtlebot3/turtlebot3_node) by extensions ['colcon_meta']
[0.160s] Level 1:colcon.colcon_core.package_identification:_identify(turtlebot3/turtlebot3/turtlebot3_node) by extension 'colcon_meta'
[0.160s] Level 1:colcon.colcon_core.package_identification:_identify(turtlebot3/turtlebot3/turtlebot3_node) by extensions ['ros']
[0.160s] Level 1:colcon.colcon_core.package_identification:_identify(turtlebot3/turtlebot3/turtlebot3_node) by extension 'ros'
[0.161s] DEBUG:colcon.colcon_core.package_identification:Package 'turtlebot3/turtlebot3/turtlebot3_node' with type 'ros.ament_cmake' and name 'turtlebot3_node'
[0.161s] Level 1:colcon.colcon_core.package_identification:_identify(turtlebot3/turtlebot3/turtlebot3_teleop) by extensions ['ignore', 'ignore_ament_install']
[0.161s] Level 1:colcon.colcon_core.package_identification:_identify(turtlebot3/turtlebot3/turtlebot3_teleop) by extension 'ignore'
[0.161s] Level 1:colcon.colcon_core.package_identification:_identify(turtlebot3/turtlebot3/turtlebot3_teleop) by extension 'ignore_ament_install'
[0.161s] Level 1:colcon.colcon_core.package_identification:_identify(turtlebot3/turtlebot3/turtlebot3_teleop) by extensions ['colcon_pkg']
[0.161s] Level 1:colcon.colcon_core.package_identification:_identify(turtlebot3/turtlebot3/turtlebot3_teleop) by extension 'colcon_pkg'
[0.161s] Level 1:colcon.colcon_core.package_identification:_identify(turtlebot3/turtlebot3/turtlebot3_teleop) by extensions ['colcon_meta']
[0.161s] Level 1:colcon.colcon_core.package_identification:_identify(turtlebot3/turtlebot3/turtlebot3_teleop) by extension 'colcon_meta'
[0.161s] Level 1:colcon.colcon_core.package_identification:_identify(turtlebot3/turtlebot3/turtlebot3_teleop) by extensions ['ros']
[0.161s] Level 1:colcon.colcon_core.package_identification:_identify(turtlebot3/turtlebot3/turtlebot3_teleop) by extension 'ros'
[0.161s] DEBUG:colcon.colcon_core.package_identification:Package 'turtlebot3/turtlebot3/turtlebot3_teleop' with type 'ros.ament_python' and name 'turtlebot3_teleop'
[0.161s] Level 1:colcon.colcon_core.package_identification:_identify(turtlebot3/turtlebot3_msgs) by extensions ['ignore', 'ignore_ament_install']
[0.161s] Level 1:colcon.colcon_core.package_identification:_identify(turtlebot3/turtlebot3_msgs) by extension 'ignore'
[0.161s] Level 1:colcon.colcon_core.package_identification:_identify(turtlebot3/turtlebot3_msgs) by extension 'ignore_ament_install'
[0.161s] Level 1:colcon.colcon_core.package_identification:_identify(turtlebot3/turtlebot3_msgs) by extensions ['colcon_pkg']
[0.161s] Level 1:colcon.colcon_core.package_identification:_identify(turtlebot3/turtlebot3_msgs) by extension 'colcon_pkg'
[0.161s] Level 1:colcon.colcon_core.package_identification:_identify(turtlebot3/turtlebot3_msgs) by extensions ['colcon_meta']
[0.161s] Level 1:colcon.colcon_core.package_identification:_identify(turtlebot3/turtlebot3_msgs) by extension 'colcon_meta'
[0.161s] Level 1:colcon.colcon_core.package_identification:_identify(turtlebot3/turtlebot3_msgs) by extensions ['ros']
[0.161s] Level 1:colcon.colcon_core.package_identification:_identify(turtlebot3/turtlebot3_msgs) by extension 'ros'
[0.162s] DEBUG:colcon.colcon_core.package_identification:Package 'turtlebot3/turtlebot3_msgs' with type 'ros.ament_cmake' and name 'turtlebot3_msgs'
[0.162s] Level 1:colcon.colcon_core.package_identification:_identify(turtlebot3/turtlebot3_simulations) by extensions ['ignore', 'ignore_ament_install']
[0.162s] Level 1:colcon.colcon_core.package_identification:_identify(turtlebot3/turtlebot3_simulations) by extension 'ignore'
[0.162s] Level 1:colcon.colcon_core.package_identification:_identify(turtlebot3/turtlebot3_simulations) by extension 'ignore_ament_install'
[0.162s] Level 1:colcon.colcon_core.package_identification:_identify(turtlebot3/turtlebot3_simulations) by extensions ['colcon_pkg']
[0.162s] Level 1:colcon.colcon_core.package_identification:_identify(turtlebot3/turtlebot3_simulations) by extension 'colcon_pkg'
[0.162s] Level 1:colcon.colcon_core.package_identification:_identify(turtlebot3/turtlebot3_simulations) by extensions ['colcon_meta']
[0.162s] Level 1:colcon.colcon_core.package_identification:_identify(turtlebot3/turtlebot3_simulations) by extension 'colcon_meta'
[0.162s] Level 1:colcon.colcon_core.package_identification:_identify(turtlebot3/turtlebot3_simulations) by extensions ['ros']
[0.162s] Level 1:colcon.colcon_core.package_identification:_identify(turtlebot3/turtlebot3_simulations) by extension 'ros'
[0.162s] Level 1:colcon.colcon_core.package_identification:_identify(turtlebot3/turtlebot3_simulations) by extensions ['cmake', 'python']
[0.162s] Level 1:colcon.colcon_core.package_identification:_identify(turtlebot3/turtlebot3_simulations) by extension 'cmake'
[0.162s] Level 1:colcon.colcon_core.package_identification:_identify(turtlebot3/turtlebot3_simulations) by extension 'python'
[0.162s] Level 1:colcon.colcon_core.package_identification:_identify(turtlebot3/turtlebot3_simulations) by extensions ['python_setup_py']
[0.162s] Level 1:colcon.colcon_core.package_identification:_identify(turtlebot3/turtlebot3_simulations) by extension 'python_setup_py'
[0.162s] Level 1:colcon.colcon_core.package_identification:_identify(turtlebot3/turtlebot3_simulations/turtlebot3_fake_node) by extensions ['ignore', 'ignore_ament_install']
[0.162s] Level 1:colcon.colcon_core.package_identification:_identify(turtlebot3/turtlebot3_simulations/turtlebot3_fake_node) by extension 'ignore'
[0.162s] Level 1:colcon.colcon_core.package_identification:_identify(turtlebot3/turtlebot3_simulations/turtlebot3_fake_node) by extension 'ignore_ament_install'
[0.162s] Level 1:colcon.colcon_core.package_identification:_identify(turtlebot3/turtlebot3_simulations/turtlebot3_fake_node) by extensions ['colcon_pkg']
[0.162s] Level 1:colcon.colcon_core.package_identification:_identify(turtlebot3/turtlebot3_simulations/turtlebot3_fake_node) by extension 'colcon_pkg'
[0.162s] Level 1:colcon.colcon_core.package_identification:_identify(turtlebot3/turtlebot3_simulations/turtlebot3_fake_node) by extensions ['colcon_meta']
[0.162s] Level 1:colcon.colcon_core.package_identification:_identify(turtlebot3/turtlebot3_simulations/turtlebot3_fake_node) by extension 'colcon_meta'
[0.162s] Level 1:colcon.colcon_core.package_identification:_identify(turtlebot3/turtlebot3_simulations/turtlebot3_fake_node) by extensions ['ros']
[0.162s] Level 1:colcon.colcon_core.package_identification:_identify(turtlebot3/turtlebot3_simulations/turtlebot3_fake_node) by extension 'ros'
[0.163s] DEBUG:colcon.colcon_core.package_identification:Package 'turtlebot3/turtlebot3_simulations/turtlebot3_fake_node' with type 'ros.ament_cmake' and name 'turtlebot3_fake_node'
[0.163s] Level 1:colcon.colcon_core.package_identification:_identify(turtlebot3/turtlebot3_simulations/turtlebot3_gazebo) by extensions ['ignore', 'ignore_ament_install']
[0.163s] Level 1:colcon.colcon_core.package_identification:_identify(turtlebot3/turtlebot3_simulations/turtlebot3_gazebo) by extension 'ignore'
[0.163s] Level 1:colcon.colcon_core.package_identification:_identify(turtlebot3/turtlebot3_simulations/turtlebot3_gazebo) by extension 'ignore_ament_install'
[0.163s] Level 1:colcon.colcon_core.package_identification:_identify(turtlebot3/turtlebot3_simulations/turtlebot3_gazebo) by extensions ['colcon_pkg']
[0.163s] Level 1:colcon.colcon_core.package_identification:_identify(turtlebot3/turtlebot3_simulations/turtlebot3_gazebo) by extension 'colcon_pkg'
[0.163s] Level 1:colcon.colcon_core.package_identification:_identify(turtlebot3/turtlebot3_simulations/turtlebot3_gazebo) by extensions ['colcon_meta']
[0.163s] Level 1:colcon.colcon_core.package_identification:_identify(turtlebot3/turtlebot3_simulations/turtlebot3_gazebo) by extension 'colcon_meta'
[0.163s] Level 1:colcon.colcon_core.package_identification:_identify(turtlebot3/turtlebot3_simulations/turtlebot3_gazebo) by extensions ['ros']
[0.163s] Level 1:colcon.colcon_core.package_identification:_identify(turtlebot3/turtlebot3_simulations/turtlebot3_gazebo) by extension 'ros'
[0.164s] DEBUG:colcon.colcon_core.package_identification:Package 'turtlebot3/turtlebot3_simulations/turtlebot3_gazebo' with type 'ros.ament_cmake' and name 'turtlebot3_gazebo'
[0.164s] Level 1:colcon.colcon_core.package_identification:_identify(turtlebot3/turtlebot3_simulations/turtlebot3_simulations) by extensions ['ignore', 'ignore_ament_install']
[0.164s] Level 1:colcon.colcon_core.package_identification:_identify(turtlebot3/turtlebot3_simulations/turtlebot3_simulations) by extension 'ignore'
[0.164s] Level 1:colcon.colcon_core.package_identification:_identify(turtlebot3/turtlebot3_simulations/turtlebot3_simulations) by extension 'ignore_ament_install'
[0.164s] Level 1:colcon.colcon_core.package_identification:_identify(turtlebot3/turtlebot3_simulations/turtlebot3_simulations) by extensions ['colcon_pkg']
[0.164s] Level 1:colcon.colcon_core.package_identification:_identify(turtlebot3/turtlebot3_simulations/turtlebot3_simulations) by extension 'colcon_pkg'
[0.164s] Level 1:colcon.colcon_core.package_identification:_identify(turtlebot3/turtlebot3_simulations/turtlebot3_simulations) by extensions ['colcon_meta']
[0.164s] Level 1:colcon.colcon_core.package_identification:_identify(turtlebot3/turtlebot3_simulations/turtlebot3_simulations) by extension 'colcon_meta'
[0.164s] Level 1:colcon.colcon_core.package_identification:_identify(turtlebot3/turtlebot3_simulations/turtlebot3_simulations) by extensions ['ros']
[0.164s] Level 1:colcon.colcon_core.package_identification:_identify(turtlebot3/turtlebot3_simulations/turtlebot3_simulations) by extension 'ros'
[0.164s] DEBUG:colcon.colcon_core.package_identification:Package 'turtlebot3/turtlebot3_simulations/turtlebot3_simulations' with type 'ros.ament_cmake' and name 'turtlebot3_simulations'
[0.164s] Level 1:colcon.colcon_core.package_identification:_identify(utils) by extensions ['ignore', 'ignore_ament_install']
[0.164s] Level 1:colcon.colcon_core.package_identification:_identify(utils) by extension 'ignore'
[0.164s] Level 1:colcon.colcon_core.package_identification:_identify(utils) by extension 'ignore_ament_install'
[0.164s] Level 1:colcon.colcon_core.package_identification:_identify(utils) by extensions ['colcon_pkg']
[0.164s] Level 1:colcon.colcon_core.package_identification:_identify(utils) by extension 'colcon_pkg'
[0.164s] Level 1:colcon.colcon_core.package_identification:_identify(utils) by extensions ['colcon_meta']
[0.164s] Level 1:colcon.colcon_core.package_identification:_identify(utils) by extension 'colcon_meta'
[0.164s] Level 1:colcon.colcon_core.package_identification:_identify(utils) by extensions ['ros']
[0.164s] Level 1:colcon.colcon_core.package_identification:_identify(utils) by extension 'ros'
[0.164s] Level 1:colcon.colcon_core.package_identification:_identify(utils) by extensions ['cmake', 'python']
[0.164s] Level 1:colcon.colcon_core.package_identification:_identify(utils) by extension 'cmake'
[0.164s] Level 1:colcon.colcon_core.package_identification:_identify(utils) by extension 'python'
[0.164s] Level 1:colcon.colcon_core.package_identification:_identify(utils) by extensions ['python_setup_py']
[0.164s] Level 1:colcon.colcon_core.package_identification:_identify(utils) by extension 'python_setup_py'
[0.164s] Level 1:colcon.colcon_core.package_identification:_identify(utils/DynamixelSDK) by extensions ['ignore', 'ignore_ament_install']
[0.164s] Level 1:colcon.colcon_core.package_identification:_identify(utils/DynamixelSDK) by extension 'ignore'
[0.164s] Level 1:colcon.colcon_core.package_identification:_identify(utils/DynamixelSDK) by extension 'ignore_ament_install'
[0.164s] Level 1:colcon.colcon_core.package_identification:_identify(utils/DynamixelSDK) by extensions ['colcon_pkg']
[0.164s] Level 1:colcon.colcon_core.package_identification:_identify(utils/DynamixelSDK) by extension 'colcon_pkg'
[0.164s] Level 1:colcon.colcon_core.package_identification:_identify(utils/DynamixelSDK) by extensions ['colcon_meta']
[0.164s] Level 1:colcon.colcon_core.package_identification:_identify(utils/DynamixelSDK) by extension 'colcon_meta'
[0.165s] Level 1:colcon.colcon_core.package_identification:_identify(utils/DynamixelSDK) by extensions ['ros']
[0.165s] Level 1:colcon.colcon_core.package_identification:_identify(utils/DynamixelSDK) by extension 'ros'
[0.165s] Level 1:colcon.colcon_core.package_identification:_identify(utils/DynamixelSDK) by extensions ['cmake', 'python']
[0.165s] Level 1:colcon.colcon_core.package_identification:_identify(utils/DynamixelSDK) by extension 'cmake'
[0.165s] Level 1:colcon.colcon_core.package_identification:_identify(utils/DynamixelSDK) by extension 'python'
[0.165s] Level 1:colcon.colcon_core.package_identification:_identify(utils/DynamixelSDK) by extensions ['python_setup_py']
[0.165s] Level 1:colcon.colcon_core.package_identification:_identify(utils/DynamixelSDK) by extension 'python_setup_py'
[0.165s] Level 1:colcon.colcon_core.package_identification:_identify(utils/DynamixelSDK/dynamixel_sdk) by extensions ['ignore', 'ignore_ament_install']
[0.165s] Level 1:colcon.colcon_core.package_identification:_identify(utils/DynamixelSDK/dynamixel_sdk) by extension 'ignore'
[0.165s] Level 1:colcon.colcon_core.package_identification:_identify(utils/DynamixelSDK/dynamixel_sdk) by extension 'ignore_ament_install'
[0.165s] Level 1:colcon.colcon_core.package_identification:_identify(utils/DynamixelSDK/dynamixel_sdk) by extensions ['colcon_pkg']
[0.165s] Level 1:colcon.colcon_core.package_identification:_identify(utils/DynamixelSDK/dynamixel_sdk) by extension 'colcon_pkg'
[0.165s] Level 1:colcon.colcon_core.package_identification:_identify(utils/DynamixelSDK/dynamixel_sdk) by extensions ['colcon_meta']
[0.165s] Level 1:colcon.colcon_core.package_identification:_identify(utils/DynamixelSDK/dynamixel_sdk) by extension 'colcon_meta'
[0.165s] Level 1:colcon.colcon_core.package_identification:_identify(utils/DynamixelSDK/dynamixel_sdk) by extensions ['ros']
[0.165s] Level 1:colcon.colcon_core.package_identification:_identify(utils/DynamixelSDK/dynamixel_sdk) by extension 'ros'
[0.165s] DEBUG:colcon.colcon_core.package_identification:Package 'utils/DynamixelSDK/dynamixel_sdk' with type 'ros.ament_cmake' and name 'dynamixel_sdk'
[0.165s] Level 1:colcon.colcon_core.package_identification:_identify(utils/DynamixelSDK/dynamixel_sdk_custom_interfaces) by extensions ['ignore', 'ignore_ament_install']
[0.165s] Level 1:colcon.colcon_core.package_identification:_identify(utils/DynamixelSDK/dynamixel_sdk_custom_interfaces) by extension 'ignore'
[0.165s] Level 1:colcon.colcon_core.package_identification:_identify(utils/DynamixelSDK/dynamixel_sdk_custom_interfaces) by extension 'ignore_ament_install'
[0.165s] Level 1:colcon.colcon_core.package_identification:_identify(utils/DynamixelSDK/dynamixel_sdk_custom_interfaces) by extensions ['colcon_pkg']
[0.165s] Level 1:colcon.colcon_core.package_identification:_identify(utils/DynamixelSDK/dynamixel_sdk_custom_interfaces) by extension 'colcon_pkg'
[0.165s] Level 1:colcon.colcon_core.package_identification:_identify(utils/DynamixelSDK/dynamixel_sdk_custom_interfaces) by extensions ['colcon_meta']
[0.165s] Level 1:colcon.colcon_core.package_identification:_identify(utils/DynamixelSDK/dynamixel_sdk_custom_interfaces) by extension 'colcon_meta'
[0.165s] Level 1:colcon.colcon_core.package_identification:_identify(utils/DynamixelSDK/dynamixel_sdk_custom_interfaces) by extensions ['ros']
[0.165s] Level 1:colcon.colcon_core.package_identification:_identify(utils/DynamixelSDK/dynamixel_sdk_custom_interfaces) by extension 'ros'
[0.166s] DEBUG:colcon.colcon_core.package_identification:Package 'utils/DynamixelSDK/dynamixel_sdk_custom_interfaces' with type 'ros.ament_cmake' and name 'dynamixel_sdk_custom_interfaces'
[0.166s] Level 1:colcon.colcon_core.package_identification:_identify(utils/DynamixelSDK/dynamixel_sdk_examples) by extensions ['ignore', 'ignore_ament_install']
[0.166s] Level 1:colcon.colcon_core.package_identification:_identify(utils/DynamixelSDK/dynamixel_sdk_examples) by extension 'ignore'
[0.166s] Level 1:colcon.colcon_core.package_identification:_identify(utils/DynamixelSDK/dynamixel_sdk_examples) by extension 'ignore_ament_install'
[0.166s] Level 1:colcon.colcon_core.package_identification:_identify(utils/DynamixelSDK/dynamixel_sdk_examples) by extensions ['colcon_pkg']
[0.166s] Level 1:colcon.colcon_core.package_identification:_identify(utils/DynamixelSDK/dynamixel_sdk_examples) by extension 'colcon_pkg'
[0.166s] Level 1:colcon.colcon_core.package_identification:_identify(utils/DynamixelSDK/dynamixel_sdk_examples) by extensions ['colcon_meta']
[0.166s] Level 1:colcon.colcon_core.package_identification:_identify(utils/DynamixelSDK/dynamixel_sdk_examples) by extension 'colcon_meta'
[0.166s] Level 1:colcon.colcon_core.package_identification:_identify(utils/DynamixelSDK/dynamixel_sdk_examples) by extensions ['ros']
[0.166s] Level 1:colcon.colcon_core.package_identification:_identify(utils/DynamixelSDK/dynamixel_sdk_examples) by extension 'ros'
[0.166s] DEBUG:colcon.colcon_core.package_identification:Package 'utils/DynamixelSDK/dynamixel_sdk_examples' with type 'ros.ament_cmake' and name 'dynamixel_sdk_examples'
[0.166s] Level 1:colcon.colcon_core.package_identification:_identify(utils/hls_lfcd_lds_driver) by extensions ['ignore', 'ignore_ament_install']
[0.166s] Level 1:colcon.colcon_core.package_identification:_identify(utils/hls_lfcd_lds_driver) by extension 'ignore'
[0.166s] Level 1:colcon.colcon_core.package_identification:_identify(utils/hls_lfcd_lds_driver) by extension 'ignore_ament_install'
[0.166s] Level 1:colcon.colcon_core.package_identification:_identify(utils/hls_lfcd_lds_driver) by extensions ['colcon_pkg']
[0.166s] Level 1:colcon.colcon_core.package_identification:_identify(utils/hls_lfcd_lds_driver) by extension 'colcon_pkg'
[0.166s] Level 1:colcon.colcon_core.package_identification:_identify(utils/hls_lfcd_lds_driver) by extensions ['colcon_meta']
[0.166s] Level 1:colcon.colcon_core.package_identification:_identify(utils/hls_lfcd_lds_driver) by extension 'colcon_meta'
[0.166s] Level 1:colcon.colcon_core.package_identification:_identify(utils/hls_lfcd_lds_driver) by extensions ['ros']
[0.166s] Level 1:colcon.colcon_core.package_identification:_identify(utils/hls_lfcd_lds_driver) by extension 'ros'
[0.167s] DEBUG:colcon.colcon_core.package_identification:Package 'utils/hls_lfcd_lds_driver' with type 'ros.ament_cmake' and name 'hls_lfcd_lds_driver'
[0.167s] Level 1:colcon.colcon_core.package_discovery:discover_packages(recursive) using defaults
[0.167s] Level 1:colcon.colcon_core.package_discovery:discover_packages(ignore) discover
[0.167s] Level 1:colcon.colcon_core.package_discovery:discover_packages(ignore) using defaults
[0.167s] Level 1:colcon.colcon_core.package_discovery:discover_packages(path) discover
[0.167s] Level 1:colcon.colcon_core.package_discovery:discover_packages(path) using defaults
[0.185s] INFO:colcon.colcon_core.package_selection:Skipping not selected package 'dynamixel_sdk' in 'utils/DynamixelSDK/dynamixel_sdk'
[0.185s] INFO:colcon.colcon_core.package_selection:Skipping not selected package 'dynamixel_sdk_custom_interfaces' in 'utils/DynamixelSDK/dynamixel_sdk_custom_interfaces'
[0.185s] INFO:colcon.colcon_core.package_selection:Skipping not selected package 'hls_lfcd_lds_driver' in 'utils/hls_lfcd_lds_driver'
[0.185s] INFO:colcon.colcon_core.package_selection:Skipping not selected package 'res_sim' in 'res_sim'
[0.185s] INFO:colcon.colcon_core.package_selection:Skipping not selected package 'simulation_interfaces' in 'simulation_interfaces'
[0.185s] INFO:colcon.colcon_core.package_selection:Skipping not selected package 'tb3_sim' in 'tb3_sim'
[0.185s] INFO:colcon.colcon_core.package_selection:Skipping not selected package 'turtlebot3_cartographer' in 'turtlebot3/turtlebot3/turtlebot3_cartographer'
[0.185s] INFO:colcon.colcon_core.package_selection:Skipping not selected package 'turtlebot3_description' in 'turtlebot3/turtlebot3/turtlebot3_description'
[0.185s] INFO:colcon.colcon_core.package_selection:Skipping not selected package 'turtlebot3_gazebo' in 'turtlebot3/turtlebot3_simulations/turtlebot3_gazebo'
[0.185s] INFO:colcon.colcon_core.package_selection:Skipping not selected package 'turtlebot3_msgs' in 'turtlebot3/turtlebot3_msgs'
[0.185s] INFO:colcon.colcon_core.package_selection:Skipping not selected package 'turtlebot3_navigation2' in 'turtlebot3/turtlebot3/turtlebot3_navigation2'
[0.185s] INFO:colcon.colcon_core.package_selection:Skipping not selected package 'turtlebot3_teleop' in 'turtlebot3/turtlebot3/turtlebot3_teleop'
[0.185s] INFO:colcon.colcon_core.package_selection:Skipping not selected package 'dynamixel_sdk_examples' in 'utils/DynamixelSDK/dynamixel_sdk_examples'
[0.185s] INFO:colcon.colcon_core.package_selection:Skipping not selected package 'turtlebot3_example' in 'turtlebot3/turtlebot3/turtlebot3_example'
[0.185s] INFO:colcon.colcon_core.package_selection:Skipping not selected package 'turtlebot3_fake_node' in 'turtlebot3/turtlebot3_simulations/turtlebot3_fake_node'
[0.185s] INFO:colcon.colcon_core.package_selection:Skipping not selected package 'turtlebot3_node' in 'turtlebot3/turtlebot3/turtlebot3_node'
[0.185s] INFO:colcon.colcon_core.package_selection:Skipping not selected package 'turtlebot3_bringup' in 'turtlebot3/turtlebot3/turtlebot3_bringup'
[0.185s] INFO:colcon.colcon_core.package_selection:Skipping not selected package 'turtlebot3_simulations' in 'turtlebot3/turtlebot3_simulations/turtlebot3_simulations'
[0.185s] INFO:colcon.colcon_core.package_selection:Skipping not selected package 'turtlebot3' in 'turtlebot3/turtlebot3/turtlebot3'
[0.185s] Level 1:colcon.colcon_core.package_discovery:discover_packages(prefix_path) check parameters
[0.185s] Level 1:colcon.colcon_core.package_discovery:discover_packages(prefix_path) discover
[0.186s] DEBUG:colcon.colcon_installed_package_information.package_discovery:Found 20 installed packages in /home/sam/turtlebot3_ws/install
[0.187s] DEBUG:colcon.colcon_installed_package_information.package_discovery:Found 384 installed packages in /opt/ros/humble
[0.188s] Level 1:colcon.colcon_core.package_discovery:discover_packages(prefix_path) using defaults
[0.212s] Level 5:colcon.colcon_core.verb:set package 'actions_py' build argument 'cmake_args' from command line to 'None'
[0.212s] Level 5:colcon.colcon_core.verb:set package 'actions_py' build argument 'cmake_target' from command line to 'None'
[0.212s] Level 5:colcon.colcon_core.verb:set package 'actions_py' build argument 'cmake_target_skip_unavailable' from command line to 'False'
[0.212s] Level 5:colcon.colcon_core.verb:set package 'actions_py' build argument 'cmake_clean_cache' from command line to 'False'
[0.212s] Level 5:colcon.colcon_core.verb:set package 'actions_py' build argument 'cmake_clean_first' from command line to 'False'
[0.212s] Level 5:colcon.colcon_core.verb:set package 'actions_py' build argument 'cmake_force_configure' from command line to 'False'
[0.212s] Level 5:colcon.colcon_core.verb:set package 'actions_py' build argument 'ament_cmake_args' from command line to 'None'
[0.212s] Level 5:colcon.colcon_core.verb:set package 'actions_py' build argument 'catkin_cmake_args' from command line to 'None'
[0.212s] Level 5:colcon.colcon_core.verb:set package 'actions_py' build argument 'catkin_skip_building_tests' from command line to 'False'
[0.212s] DEBUG:colcon.colcon_core.verb:Building package 'actions_py' with the following arguments: {'ament_cmake_args': None, 'build_base': '/home/sam/turtlebot3_ws/src/build/actions_py', 'catkin_cmake_args': None, 'catkin_skip_building_tests': False, 'cmake_args': None, 'cmake_clean_cache': False, 'cmake_clean_first': False, 'cmake_force_configure': False, 'cmake_target': None, 'cmake_target_skip_unavailable': False, 'install_base': '/home/sam/turtlebot3_ws/src/install/actions_py', 'merge_install': False, 'path': '/home/sam/turtlebot3_ws/src/actions_py', 'symlink_install': False, 'test_result_base': None}
[0.212s] INFO:colcon.colcon_core.executor:Executing jobs using 'parallel' executor
[0.212s] DEBUG:colcon.colcon_parallel_executor.executor.parallel:run_until_complete
[0.213s] INFO:colcon.colcon_ros.task.ament_python.build:Building ROS package in '/home/sam/turtlebot3_ws/src/actions_py' with build type 'ament_python'
[0.213s] Level 1:colcon.colcon_core.shell:create_environment_hook('actions_py', 'ament_prefix_path')
[0.214s] INFO:colcon.colcon_core.plugin_system:Skipping extension 'colcon_core.shell.bat': Not used on non-Windows systems
[0.214s] INFO:colcon.colcon_core.shell:Creating environment hook '/home/sam/turtlebot3_ws/src/install/actions_py/share/actions_py/hook/ament_prefix_path.ps1'
[0.214s] INFO:colcon.colcon_core.shell:Creating environment descriptor '/home/sam/turtlebot3_ws/src/install/actions_py/share/actions_py/hook/ament_prefix_path.dsv'
[0.214s] INFO:colcon.colcon_core.shell:Creating environment hook '/home/sam/turtlebot3_ws/src/install/actions_py/share/actions_py/hook/ament_prefix_path.sh'
[0.215s] INFO:colcon.colcon_core.shell:Skip shell extension 'powershell' for command environment: Not usable outside of PowerShell
[0.215s] DEBUG:colcon.colcon_core.shell:Skip shell extension 'dsv' for command environment
[0.217s] WARNING:colcon.colcon_core.shell:The following packages are in the workspace but haven't been built:
- simulation_interfaces
They are being used from the following locations instead:
- /home/sam/turtlebot3_ws/install/simulation_interfaces
To suppress this warning ignore these packages in the workspace:
--packages-ignore simulation_interfaces
[0.356s] INFO:colcon.colcon_core.task.python.build:Building Python package in '/home/sam/turtlebot3_ws/src/actions_py'
[0.356s] INFO:colcon.colcon_core.shell:Skip shell extension 'powershell' for command environment: Not usable outside of PowerShell
[0.356s] DEBUG:colcon.colcon_core.shell:Skip shell extension 'dsv' for command environment
[0.551s] DEBUG:colcon.colcon_core.event_handler.log_command:Invoking command in '/home/sam/turtlebot3_ws/src/actions_py': PYTHONPATH=/home/sam/turtlebot3_ws/src/build/actions_py/prefix_override:/home/sam/turtlebot3_ws/src/install/actions_py/lib/python3.10/site-packages:${PYTHONPATH} /usr/bin/python3 -W ignore:setup.py install is deprecated setup.py egg_info --egg-base ../build/actions_py build --build-base /home/sam/turtlebot3_ws/src/build/actions_py/build install --record /home/sam/turtlebot3_ws/src/build/actions_py/install.log --single-version-externally-managed install_data
[0.715s] DEBUG:colcon.colcon_core.event_handler.log_command:Invoked command in '/home/sam/turtlebot3_ws/src/actions_py' returned '0': PYTHONPATH=/home/sam/turtlebot3_ws/src/build/actions_py/prefix_override:/home/sam/turtlebot3_ws/src/install/actions_py/lib/python3.10/site-packages:${PYTHONPATH} /usr/bin/python3 -W ignore:setup.py install is deprecated setup.py egg_info --egg-base ../build/actions_py build --build-base /home/sam/turtlebot3_ws/src/build/actions_py/build install --record /home/sam/turtlebot3_ws/src/build/actions_py/install.log --single-version-externally-managed install_data
[0.716s] Level 1:colcon.colcon_core.environment:checking '/home/sam/turtlebot3_ws/src/install/actions_py' for CMake module files
[0.717s] Level 1:colcon.colcon_core.environment:checking '/home/sam/turtlebot3_ws/src/install/actions_py' for CMake config files
[0.717s] Level 1:colcon.colcon_core.environment:checking '/home/sam/turtlebot3_ws/src/install/actions_py/lib'
[0.717s] Level 1:colcon.colcon_core.environment:checking '/home/sam/turtlebot3_ws/src/install/actions_py/bin'
[0.717s] Level 1:colcon.colcon_core.environment:checking '/home/sam/turtlebot3_ws/src/install/actions_py/lib/pkgconfig/actions_py.pc'
[0.717s] Level 1:colcon.colcon_core.environment:checking '/home/sam/turtlebot3_ws/src/install/actions_py/lib/python3.10/site-packages'
[0.717s] Level 1:colcon.colcon_core.shell:create_environment_hook('actions_py', 'pythonpath')
[0.718s] INFO:colcon.colcon_core.shell:Creating environment hook '/home/sam/turtlebot3_ws/src/install/actions_py/share/actions_py/hook/pythonpath.ps1'
[0.718s] INFO:colcon.colcon_core.shell:Creating environment descriptor '/home/sam/turtlebot3_ws/src/install/actions_py/share/actions_py/hook/pythonpath.dsv'
[0.718s] INFO:colcon.colcon_core.shell:Creating environment hook '/home/sam/turtlebot3_ws/src/install/actions_py/share/actions_py/hook/pythonpath.sh'
[0.718s] Level 1:colcon.colcon_core.environment:checking '/home/sam/turtlebot3_ws/src/install/actions_py/bin'
[0.718s] Level 1:colcon.colcon_core.environment:create_environment_scripts_only(actions_py)
[0.718s] INFO:colcon.colcon_core.shell:Creating package script '/home/sam/turtlebot3_ws/src/install/actions_py/share/actions_py/package.ps1'
[0.719s] INFO:colcon.colcon_core.shell:Creating package descriptor '/home/sam/turtlebot3_ws/src/install/actions_py/share/actions_py/package.dsv'
[0.719s] INFO:colcon.colcon_core.shell:Creating package script '/home/sam/turtlebot3_ws/src/install/actions_py/share/actions_py/package.sh'
[0.719s] INFO:colcon.colcon_core.shell:Creating package script '/home/sam/turtlebot3_ws/src/install/actions_py/share/actions_py/package.bash'
[0.720s] INFO:colcon.colcon_core.shell:Creating package script '/home/sam/turtlebot3_ws/src/install/actions_py/share/actions_py/package.zsh'
[0.720s] Level 1:colcon.colcon_core.environment:create_file_with_runtime_dependencies(/home/sam/turtlebot3_ws/src/install/actions_py/share/colcon-core/packages/actions_py)
[0.720s] DEBUG:colcon.colcon_parallel_executor.executor.parallel:closing loop
[0.720s] DEBUG:colcon.colcon_parallel_executor.executor.parallel:loop closed
[0.720s] DEBUG:colcon.colcon_parallel_executor.executor.parallel:run_until_complete finished with '0'
[0.720s] DEBUG:colcon.colcon_core.event_reactor:joining thread
[0.723s] INFO:colcon.colcon_core.plugin_system:Skipping extension 'colcon_notification.desktop_notification.terminal_notifier': Not used on non-Darwin systems
[0.723s] INFO:colcon.colcon_core.plugin_system:Skipping extension 'colcon_notification.desktop_notification.win32': Not used on non-Windows systems
[0.723s] INFO:colcon.colcon_notification.desktop_notification:Sending desktop notification using 'notify2'
[0.730s] DEBUG:colcon.colcon_core.event_reactor:joined thread
[0.730s] INFO:colcon.colcon_core.shell:Creating prefix script '/home/sam/turtlebot3_ws/src/install/local_setup.ps1'
[0.730s] INFO:colcon.colcon_core.shell:Creating prefix util module '/home/sam/turtlebot3_ws/src/install/_local_setup_util_ps1.py'
[0.731s] INFO:colcon.colcon_core.shell:Creating prefix chain script '/home/sam/turtlebot3_ws/src/install/setup.ps1'
[0.732s] INFO:colcon.colcon_core.shell:Creating prefix script '/home/sam/turtlebot3_ws/src/install/local_setup.sh'
[0.732s] INFO:colcon.colcon_core.shell:Creating prefix util module '/home/sam/turtlebot3_ws/src/install/_local_setup_util_sh.py'
[0.732s] INFO:colcon.colcon_core.shell:Creating prefix chain script '/home/sam/turtlebot3_ws/src/install/setup.sh'
[0.733s] INFO:colcon.colcon_core.shell:Creating prefix script '/home/sam/turtlebot3_ws/src/install/local_setup.bash'
[0.733s] INFO:colcon.colcon_core.shell:Creating prefix chain script '/home/sam/turtlebot3_ws/src/install/setup.bash'
[0.734s] INFO:colcon.colcon_core.shell:Creating prefix script '/home/sam/turtlebot3_ws/src/install/local_setup.zsh'
[0.734s] INFO:colcon.colcon_core.shell:Creating prefix chain script '/home/sam/turtlebot3_ws/src/install/setup.zsh'
