[0.015s] Invoking command in '/home/sam/turtlebot3_ws/build/turtlebot3_cartographer': CMAKE_PREFIX_PATH=/opt/ros/humble /usr/bin/cmake --build /home/sam/turtlebot3_ws/build/turtlebot3_cartographer -- -j8 -l8
[0.048s] Invoked command in '/home/sam/turtlebot3_ws/build/turtlebot3_cartographer' returned '0': CMAKE_PREFIX_PATH=/opt/ros/humble /usr/bin/cmake --build /home/sam/turtlebot3_ws/build/turtlebot3_cartographer -- -j8 -l8
[0.108s] Invoking command in '/home/sam/turtlebot3_ws/build/turtlebot3_cartographer': CMAKE_PREFIX_PATH=/opt/ros/humble /usr/bin/cmake --install /home/sam/turtlebot3_ws/build/turtlebot3_cartographer
[0.113s] -- Install configuration: ""
[0.114s] -- Execute custom install script
[0.115s] -- Up-to-date symlink: /home/sam/turtlebot3_ws/install/turtlebot3_cartographer/share/turtlebot3_cartographer/config/turtlebot3_lds_2d.lua
[0.115s] -- Up-to-date symlink: /home/sam/turtlebot3_ws/install/turtlebot3_cartographer/share/turtlebot3_cartographer/launch/cartographer.launch.py
[0.115s] -- Up-to-date symlink: /home/sam/turtlebot3_ws/install/turtlebot3_cartographer/share/turtlebot3_cartographer/launch/occupancy_grid.launch.py
[0.116s] -- Up-to-date symlink: /home/sam/turtlebot3_ws/install/turtlebot3_cartographer/share/turtlebot3_cartographer/rviz/tb3_cartographer.rviz
[0.116s] -- Up-to-date symlink: /home/sam/turtlebot3_ws/install/turtlebot3_cartographer/share/ament_index/resource_index/package_run_dependencies/turtlebot3_cartographer
[0.116s] -- Up-to-date symlink: /home/sam/turtlebot3_ws/install/turtlebot3_cartographer/share/ament_index/resource_index/parent_prefix_path/turtlebot3_cartographer
[0.116s] -- Up-to-date symlink: /home/sam/turtlebot3_ws/install/turtlebot3_cartographer/share/turtlebot3_cartographer/environment/ament_prefix_path.sh
[0.117s] -- Up-to-date symlink: /home/sam/turtlebot3_ws/install/turtlebot3_cartographer/share/turtlebot3_cartographer/environment/ament_prefix_path.dsv
[0.117s] -- Up-to-date symlink: /home/sam/turtlebot3_ws/install/turtlebot3_cartographer/share/turtlebot3_cartographer/environment/path.sh
[0.117s] -- Up-to-date symlink: /home/sam/turtlebot3_ws/install/turtlebot3_cartographer/share/turtlebot3_cartographer/environment/path.dsv
[0.118s] -- Up-to-date symlink: /home/sam/turtlebot3_ws/install/turtlebot3_cartographer/share/turtlebot3_cartographer/local_setup.bash
[0.118s] -- Up-to-date symlink: /home/sam/turtlebot3_ws/install/turtlebot3_cartographer/share/turtlebot3_cartographer/local_setup.sh
[0.118s] -- Up-to-date symlink: /home/sam/turtlebot3_ws/install/turtlebot3_cartographer/share/turtlebot3_cartographer/local_setup.zsh
[0.118s] -- Up-to-date symlink: /home/sam/turtlebot3_ws/install/turtlebot3_cartographer/share/turtlebot3_cartographer/local_setup.dsv
[0.119s] -- Symlinking: /home/sam/turtlebot3_ws/install/turtlebot3_cartographer/share/turtlebot3_cartographer/package.dsv
[0.126s] -- Up-to-date symlink: /home/sam/turtlebot3_ws/install/turtlebot3_cartographer/share/ament_index/resource_index/packages/turtlebot3_cartographer
[0.126s] -- Up-to-date symlink: /home/sam/turtlebot3_ws/install/turtlebot3_cartographer/share/turtlebot3_cartographer/cmake/turtlebot3_cartographerConfig.cmake
[0.127s] -- Up-to-date symlink: /home/sam/turtlebot3_ws/install/turtlebot3_cartographer/share/turtlebot3_cartographer/cmake/turtlebot3_cartographerConfig-version.cmake
[0.127s] -- Up-to-date symlink: /home/sam/turtlebot3_ws/install/turtlebot3_cartographer/share/turtlebot3_cartographer/package.xml
[0.133s] Invoked command in '/home/sam/turtlebot3_ws/build/turtlebot3_cartographer' returned '0': CMAKE_PREFIX_PATH=/opt/ros/humble /usr/bin/cmake --install /home/sam/turtlebot3_ws/build/turtlebot3_cartographer
