[0.489s] Invoking command in '/home/sam/turtlebot3_ws/build/tb3_sim': PYTHONPATH=/home/sam/turtlebot3_ws/build/tb3_sim/prefix_override:/home/sam/turtlebot3_ws/install/tb3_sim/lib/python3.10/site-packages:${PYTHONPATH} /usr/bin/python3 -W ignore:setup.py install is deprecated setup.py develop --editable --build-directory /home/sam/turtlebot3_ws/build/tb3_sim/build --no-deps symlink_data
[0.675s] running develop
[0.675s] /usr/lib/python3/dist-packages/setuptools/command/easy_install.py:158: EasyInstallDeprecationWarning: easy_install command is deprecated. Use build and pip and other standards-based tools.
[0.675s]   warnings.warn(
[0.757s] running egg_info
[0.757s] creating tb3_sim.egg-info
[0.758s] writing tb3_sim.egg-info/PKG-INFO
[0.758s] writing dependency_links to tb3_sim.egg-info/dependency_links.txt
[0.758s] writing entry points to tb3_sim.egg-info/entry_points.txt
[0.758s] writing requirements to tb3_sim.egg-info/requires.txt
[0.758s] writing top-level names to tb3_sim.egg-info/top_level.txt
[0.758s] writing manifest file 'tb3_sim.egg-info/SOURCES.txt'
[0.759s] reading manifest file 'tb3_sim.egg-info/SOURCES.txt'
[0.759s] writing manifest file 'tb3_sim.egg-info/SOURCES.txt'
[0.760s] running build_ext
[0.760s] Creating /home/sam/turtlebot3_ws/install/tb3_sim/lib/python3.10/site-packages/tb3-sim.egg-link (link to .)
[0.761s] Installing amcl_init_pose_publisher script to /home/sam/turtlebot3_ws/install/tb3_sim/lib/tb3_sim
[0.761s] 
[0.761s] Installed /home/sam/turtlebot3_ws/build/tb3_sim
[0.761s] running symlink_data
[0.761s] creating /home/sam/turtlebot3_ws/install/tb3_sim/share/ament_index
[0.761s] creating /home/sam/turtlebot3_ws/install/tb3_sim/share/ament_index/resource_index
[0.761s] creating /home/sam/turtlebot3_ws/install/tb3_sim/share/ament_index/resource_index/packages
[0.761s] symbolically linking /home/sam/turtlebot3_ws/build/tb3_sim/resource/tb3_sim -> /home/sam/turtlebot3_ws/install/tb3_sim/share/ament_index/resource_index/packages
[0.761s] symbolically linking /home/sam/turtlebot3_ws/build/tb3_sim/package.xml -> /home/sam/turtlebot3_ws/install/tb3_sim/share/tb3_sim
[0.761s] symbolically linking /home/sam/turtlebot3_ws/build/tb3_sim/launch/turtlebot3_world.launch.py -> /home/sam/turtlebot3_ws/install/tb3_sim/share/tb3_sim
[0.761s] symbolically linking /home/sam/turtlebot3_ws/build/tb3_sim/launch/nav2.launch.py -> /home/sam/turtlebot3_ws/install/tb3_sim/share/tb3_sim
[0.761s] creating /home/sam/turtlebot3_ws/install/tb3_sim/share/tb3_sim/maps
[0.761s] symbolically linking /home/sam/turtlebot3_ws/build/tb3_sim/maps/map.yaml -> /home/sam/turtlebot3_ws/install/tb3_sim/share/tb3_sim/maps/
[0.761s] symbolically linking /home/sam/turtlebot3_ws/build/tb3_sim/maps/map.pgm -> /home/sam/turtlebot3_ws/install/tb3_sim/share/tb3_sim/maps/
[0.777s] Invoked command in '/home/sam/turtlebot3_ws/build/tb3_sim' returned '0': PYTHONPATH=/home/sam/turtlebot3_ws/build/tb3_sim/prefix_override:/home/sam/turtlebot3_ws/install/tb3_sim/lib/python3.10/site-packages:${PYTHONPATH} /usr/bin/python3 -W ignore:setup.py install is deprecated setup.py develop --editable --build-directory /home/sam/turtlebot3_ws/build/tb3_sim/build --no-deps symlink_data
