[0.694s] Invoking command in '/home/sam/turtlebot3_ws/build/tb3_sim': PYTHONPATH=/home/sam/turtlebot3_ws/build/tb3_sim/prefix_override:/home/sam/turtlebot3_ws/install/tb3_sim/lib/python3.10/site-packages:${PYTHONPATH} /usr/bin/python3 -W ignore:setup.py install is deprecated setup.py develop --editable --build-directory /home/sam/turtlebot3_ws/build/tb3_sim/build --no-deps symlink_data
[0.924s] running develop
[0.924s] /usr/lib/python3/dist-packages/setuptools/command/easy_install.py:158: EasyInstallDeprecationWarning: easy_install command is deprecated. Use build and pip and other standards-based tools.
[0.924s]   warnings.warn(
[1.063s] running egg_info
[1.064s] writing tb3_sim.egg-info/PKG-INFO
[1.064s] writing dependency_links to tb3_sim.egg-info/dependency_links.txt
[1.064s] writing entry points to tb3_sim.egg-info/entry_points.txt
[1.065s] writing requirements to tb3_sim.egg-info/requires.txt
[1.065s] writing top-level names to tb3_sim.egg-info/top_level.txt
[1.065s] reading manifest file 'tb3_sim.egg-info/SOURCES.txt'
[1.066s] writing manifest file 'tb3_sim.egg-info/SOURCES.txt'
[1.067s] running build_ext
[1.067s] Creating /home/sam/turtlebot3_ws/install/tb3_sim/lib/python3.10/site-packages/tb3-sim.egg-link (link to .)
[1.068s] Installing amcl_init_pose_publisher script to /home/sam/turtlebot3_ws/install/tb3_sim/lib/tb3_sim
[1.068s] 
[1.068s] Installed /home/sam/turtlebot3_ws/build/tb3_sim
[1.068s] running symlink_data
[1.068s] symbolically linking /home/sam/turtlebot3_ws/build/tb3_sim/maps/res_map2.pgm -> /home/sam/turtlebot3_ws/install/tb3_sim/share/tb3_sim/maps/
[1.068s] symbolically linking /home/sam/turtlebot3_ws/build/tb3_sim/maps/res_map2.yaml -> /home/sam/turtlebot3_ws/install/tb3_sim/share/tb3_sim/maps/
[1.088s] Invoked command in '/home/sam/turtlebot3_ws/build/tb3_sim' returned '0': PYTHONPATH=/home/sam/turtlebot3_ws/build/tb3_sim/prefix_override:/home/sam/turtlebot3_ws/install/tb3_sim/lib/python3.10/site-packages:${PYTHONPATH} /usr/bin/python3 -W ignore:setup.py install is deprecated setup.py develop --editable --build-directory /home/sam/turtlebot3_ws/build/tb3_sim/build --no-deps symlink_data
