[0.856s] Invoking command in '/home/sam/turtlebot3_ws/build/res_sim': PYTHONPATH=/home/sam/turtlebot3_ws/build/res_sim/prefix_override:/home/sam/turtlebot3_ws/install/res_sim/lib/python3.10/site-packages:${PYTHONPATH} /usr/bin/python3 -W ignore:setup.py install is deprecated setup.py develop --editable --build-directory /home/sam/turtlebot3_ws/build/res_sim/build --no-deps symlink_data
[1.107s] running develop
[1.107s] /usr/lib/python3/dist-packages/setuptools/command/easy_install.py:158: EasyInstallDeprecationWarning: easy_install command is deprecated. Use build and pip and other standards-based tools.
[1.107s]   warnings.warn(
[1.225s] running egg_info
[1.225s] writing res_sim.egg-info/PKG-INFO
[1.225s] writing dependency_links to res_sim.egg-info/dependency_links.txt
[1.227s] writing entry points to res_sim.egg-info/entry_points.txt
[1.228s] writing requirements to res_sim.egg-info/requires.txt
[1.228s] writing top-level names to res_sim.egg-info/top_level.txt
[1.228s] reading manifest file 'res_sim.egg-info/SOURCES.txt'
[1.228s] writing manifest file 'res_sim.egg-info/SOURCES.txt'
[1.229s] running build_ext
[1.229s] Creating /home/sam/turtlebot3_ws/install/res_sim/lib/python3.10/site-packages/res-sim.egg-link (link to .)
[1.229s] Installing robot_controller script to /home/sam/turtlebot3_ws/install/res_sim/lib/res_sim
[1.229s] Installing table_behaviour script to /home/sam/turtlebot3_ws/install/res_sim/lib/res_sim
[1.229s] 
[1.229s] Installed /home/sam/turtlebot3_ws/build/res_sim
[1.229s] running symlink_data
[1.247s] Invoked command in '/home/sam/turtlebot3_ws/build/res_sim' returned '0': PYTHONPATH=/home/sam/turtlebot3_ws/build/res_sim/prefix_override:/home/sam/turtlebot3_ws/install/res_sim/lib/python3.10/site-packages:${PYTHONPATH} /usr/bin/python3 -W ignore:setup.py install is deprecated setup.py develop --editable --build-directory /home/sam/turtlebot3_ws/build/res_sim/build --no-deps symlink_data
