[0.020s] Invoking command in '/home/sam/turtlebot3_ws/build/turtlebot3_navigation2': CMAKE_PREFIX_PATH=${CMAKE_PREFIX_PATH}:/home/sam/turtlebot3_ws/install/turtlebot3_teleop:/home/sam/turtlebot3_ws/install/turtlebot3_example:/home/sam/turtlebot3_ws/install/tb3_sim:/home/sam/turtlebot3_ws/install/res_sim:/opt/ros/humble /usr/bin/cmake --build /home/sam/turtlebot3_ws/build/turtlebot3_navigation2 -- -j8 -l8
[0.053s] Invoked command in '/home/sam/turtlebot3_ws/build/turtlebot3_navigation2' returned '0': CMAKE_PREFIX_PATH=${CMAKE_PREFIX_PATH}:/home/sam/turtlebot3_ws/install/turtlebot3_teleop:/home/sam/turtlebot3_ws/install/turtlebot3_example:/home/sam/turtlebot3_ws/install/tb3_sim:/home/sam/turtlebot3_ws/install/res_sim:/opt/ros/humble /usr/bin/cmake --build /home/sam/turtlebot3_ws/build/turtlebot3_navigation2 -- -j8 -l8
[0.123s] Invoking command in '/home/sam/turtlebot3_ws/build/turtlebot3_navigation2': CMAKE_PREFIX_PATH=${CMAKE_PREFIX_PATH}:/home/sam/turtlebot3_ws/install/turtlebot3_teleop:/home/sam/turtlebot3_ws/install/turtlebot3_example:/home/sam/turtlebot3_ws/install/tb3_sim:/home/sam/turtlebot3_ws/install/res_sim:/opt/ros/humble /usr/bin/cmake --install /home/sam/turtlebot3_ws/build/turtlebot3_navigation2
[0.138s] -- Install configuration: ""
[0.138s] -- Execute custom install script
[0.139s] -- Up-to-date symlink: /home/sam/turtlebot3_ws/install/turtlebot3_navigation2/share/turtlebot3_navigation2/launch/navigation2.launch.py
[0.139s] -- Up-to-date symlink: /home/sam/turtlebot3_ws/install/turtlebot3_navigation2/share/turtlebot3_navigation2/map/map.pgm
[0.139s] -- Up-to-date symlink: /home/sam/turtlebot3_ws/install/turtlebot3_navigation2/share/turtlebot3_navigation2/map/map.yaml
[0.139s] -- Up-to-date symlink: /home/sam/turtlebot3_ws/install/turtlebot3_navigation2/share/turtlebot3_navigation2/param/burger.yaml
[0.139s] -- Up-to-date symlink: /home/sam/turtlebot3_ws/install/turtlebot3_navigation2/share/turtlebot3_navigation2/param/waffle.yaml
[0.139s] -- Up-to-date symlink: /home/sam/turtlebot3_ws/install/turtlebot3_navigation2/share/turtlebot3_navigation2/param/waffle_pi.yaml
[0.139s] -- Up-to-date symlink: /home/sam/turtlebot3_ws/install/turtlebot3_navigation2/share/turtlebot3_navigation2/rviz/tb3_navigation2.rviz
[0.139s] -- Up-to-date symlink: /home/sam/turtlebot3_ws/install/turtlebot3_navigation2/share/ament_index/resource_index/package_run_dependencies/turtlebot3_navigation2
[0.139s] -- Up-to-date symlink: /home/sam/turtlebot3_ws/install/turtlebot3_navigation2/share/ament_index/resource_index/parent_prefix_path/turtlebot3_navigation2
[0.139s] -- Up-to-date symlink: /home/sam/turtlebot3_ws/install/turtlebot3_navigation2/share/turtlebot3_navigation2/environment/ament_prefix_path.sh
[0.139s] -- Up-to-date symlink: /home/sam/turtlebot3_ws/install/turtlebot3_navigation2/share/turtlebot3_navigation2/environment/ament_prefix_path.dsv
[0.139s] -- Up-to-date symlink: /home/sam/turtlebot3_ws/install/turtlebot3_navigation2/share/turtlebot3_navigation2/environment/path.sh
[0.139s] -- Up-to-date symlink: /home/sam/turtlebot3_ws/install/turtlebot3_navigation2/share/turtlebot3_navigation2/environment/path.dsv
[0.139s] -- Up-to-date symlink: /home/sam/turtlebot3_ws/install/turtlebot3_navigation2/share/turtlebot3_navigation2/local_setup.bash
[0.139s] -- Up-to-date symlink: /home/sam/turtlebot3_ws/install/turtlebot3_navigation2/share/turtlebot3_navigation2/local_setup.sh
[0.139s] -- Up-to-date symlink: /home/sam/turtlebot3_ws/install/turtlebot3_navigation2/share/turtlebot3_navigation2/local_setup.zsh
[0.139s] -- Up-to-date symlink: /home/sam/turtlebot3_ws/install/turtlebot3_navigation2/share/turtlebot3_navigation2/local_setup.dsv
[0.139s] -- Symlinking: /home/sam/turtlebot3_ws/install/turtlebot3_navigation2/share/turtlebot3_navigation2/package.dsv
[0.146s] -- Up-to-date symlink: /home/sam/turtlebot3_ws/install/turtlebot3_navigation2/share/ament_index/resource_index/packages/turtlebot3_navigation2
[0.146s] -- Up-to-date symlink: /home/sam/turtlebot3_ws/install/turtlebot3_navigation2/share/turtlebot3_navigation2/cmake/turtlebot3_navigation2Config.cmake
[0.146s] -- Up-to-date symlink: /home/sam/turtlebot3_ws/install/turtlebot3_navigation2/share/turtlebot3_navigation2/cmake/turtlebot3_navigation2Config-version.cmake
[0.146s] -- Up-to-date symlink: /home/sam/turtlebot3_ws/install/turtlebot3_navigation2/share/turtlebot3_navigation2/package.xml
[0.176s] Invoked command in '/home/sam/turtlebot3_ws/build/turtlebot3_navigation2' returned '0': CMAKE_PREFIX_PATH=${CMAKE_PREFIX_PATH}:/home/sam/turtlebot3_ws/install/turtlebot3_teleop:/home/sam/turtlebot3_ws/install/turtlebot3_example:/home/sam/turtlebot3_ws/install/tb3_sim:/home/sam/turtlebot3_ws/install/res_sim:/opt/ros/humble /usr/bin/cmake --install /home/sam/turtlebot3_ws/build/turtlebot3_navigation2
