[0.577s] Invoking command in '/home/sam/turtlebot3_ws/build/res_sim': PYTHONPATH=/home/sam/turtlebot3_ws/build/res_sim/prefix_override:/home/sam/turtlebot3_ws/install/res_sim/lib/python3.10/site-packages:${PYTHONPATH} /usr/bin/python3 -W ignore:setup.py install is deprecated setup.py develop --editable --build-directory /home/sam/turtlebot3_ws/build/res_sim/build --no-deps symlink_data
[0.726s] running develop
[0.726s] /usr/lib/python3/dist-packages/setuptools/command/easy_install.py:158: EasyInstallDeprecationWarning: easy_install command is deprecated. Use build and pip and other standards-based tools.
[0.727s]   warnings.warn(
[0.857s] running egg_info
[0.857s] creating res_sim.egg-info
[0.857s] writing res_sim.egg-info/PKG-INFO
[0.859s] writing dependency_links to res_sim.egg-info/dependency_links.txt
[0.859s] writing entry points to res_sim.egg-info/entry_points.txt
[0.859s] writing requirements to res_sim.egg-info/requires.txt
[0.859s] writing top-level names to res_sim.egg-info/top_level.txt
[0.859s] writing manifest file 'res_sim.egg-info/SOURCES.txt'
[0.859s] reading manifest file 'res_sim.egg-info/SOURCES.txt'
[0.862s] writing manifest file 'res_sim.egg-info/SOURCES.txt'
[0.862s] running build_ext
[0.862s] Creating /home/sam/turtlebot3_ws/install/res_sim/lib/python3.10/site-packages/res-sim.egg-link (link to .)
[0.862s] Installing robot_controller script to /home/sam/turtlebot3_ws/install/res_sim/lib/res_sim
[0.862s] 
[0.862s] Installed /home/sam/turtlebot3_ws/build/res_sim
[0.862s] running symlink_data
[0.863s] creating /home/sam/turtlebot3_ws/install/res_sim/share/ament_index
[0.863s] creating /home/sam/turtlebot3_ws/install/res_sim/share/ament_index/resource_index
[0.863s] creating /home/sam/turtlebot3_ws/install/res_sim/share/ament_index/resource_index/packages
[0.863s] symbolically linking /home/sam/turtlebot3_ws/build/res_sim/resource/res_sim -> /home/sam/turtlebot3_ws/install/res_sim/share/ament_index/resource_index/packages
[0.863s] symbolically linking /home/sam/turtlebot3_ws/build/res_sim/package.xml -> /home/sam/turtlebot3_ws/install/res_sim/share/res_sim
[0.884s] Invoked command in '/home/sam/turtlebot3_ws/build/res_sim' returned '0': PYTHONPATH=/home/sam/turtlebot3_ws/build/res_sim/prefix_override:/home/sam/turtlebot3_ws/install/res_sim/lib/python3.10/site-packages:${PYTHONPATH} /usr/bin/python3 -W ignore:setup.py install is deprecated setup.py develop --editable --build-directory /home/sam/turtlebot3_ws/build/res_sim/build --no-deps symlink_data
