[0.743s] Invoking command in '/home/sam/turtlebot3_ws/build/res_sim': PYTHONPATH=/home/sam/turtlebot3_ws/build/res_sim/prefix_override:/home/sam/turtlebot3_ws/install/res_sim/lib/python3.10/site-packages:${PYTHONPATH} /usr/bin/python3 -W ignore:setup.py install is deprecated setup.py develop --editable --build-directory /home/sam/turtlebot3_ws/build/res_sim/build --no-deps symlink_data
[0.940s] /usr/lib/python3/dist-packages/setuptools/command/easy_install.py:158: EasyInstallDeprecationWarning: easy_install command is deprecated. Use build and pip and other standards-based tools.
[0.940s]   warnings.warn(
[0.940s] running develop
[1.031s] running egg_info
[1.031s] writing res_sim.egg-info/PKG-INFO
[1.031s] writing dependency_links to res_sim.egg-info/dependency_links.txt
[1.031s] writing entry points to res_sim.egg-info/entry_points.txt
[1.031s] writing requirements to res_sim.egg-info/requires.txt
[1.031s] writing top-level names to res_sim.egg-info/top_level.txt
[1.032s] reading manifest file 'res_sim.egg-info/SOURCES.txt'
[1.032s] writing manifest file 'res_sim.egg-info/SOURCES.txt'
[1.033s] running build_ext
[1.033s] Creating /home/sam/turtlebot3_ws/install/res_sim/lib/python3.10/site-packages/res-sim.egg-link (link to .)
[1.034s] Installing robot_controller script to /home/sam/turtlebot3_ws/install/res_sim/lib/res_sim
[1.034s] 
[1.034s] Installed /home/sam/turtlebot3_ws/build/res_sim
[1.034s] running symlink_data
[1.034s] symbolically linking /home/sam/turtlebot3_ws/build/res_sim/launch/simulation.launch.py -> /home/sam/turtlebot3_ws/install/res_sim/share/res_sim
[1.052s] Invoked command in '/home/sam/turtlebot3_ws/build/res_sim' returned '0': PYTHONPATH=/home/sam/turtlebot3_ws/build/res_sim/prefix_override:/home/sam/turtlebot3_ws/install/res_sim/lib/python3.10/site-packages:${PYTHONPATH} /usr/bin/python3 -W ignore:setup.py install is deprecated setup.py develop --editable --build-directory /home/sam/turtlebot3_ws/build/res_sim/build --no-deps symlink_data
