[0.419s] Invoking command in '/home/sam/turtlebot3_ws/build/turtlebot3_example': CMAKE_PREFIX_PATH=/home/sam/turtlebot3_ws/install/turtlebot3_msgs:/home/sam/turtlebot3_ws/install/turtlebot3:/home/sam/turtlebot3_ws/install/turtlebot3_simulations:/home/sam/turtlebot3_ws/install/turtlebot3_bringup:/home/sam/turtlebot3_ws/install/turtlebot3_node:/home/sam/turtlebot3_ws/install/turtlebot3_navigation2:/home/sam/turtlebot3_ws/install/turtlebot3_fake_node:/home/sam/turtlebot3_ws/install/turtlebot3_gazebo:/home/sam/turtlebot3_ws/install/turtlebot3_description:/home/sam/turtlebot3_ws/install/turtlebot3_cartographer:/home/sam/turtlebot3_ws/install/hls_lfcd_lds_driver:/home/sam/turtlebot3_ws/install/dynamixel_sdk_examples:/home/sam/turtlebot3_ws/install/dynamixel_sdk_custom_interfaces:/home/sam/turtlebot3_ws/install/dynamixel_sdk:/home/sam/waiter_ws/install/waiter_robot:/home/sam/waiter_ws/install/turtlebot3:/home/sam/waiter_ws/install/turtlebot3_simulations:/home/sam/waiter_ws/install/turtlebot3_bringup:/home/sam/waiter_ws/install/turtlebot3_node:/home/sam/waiter_ws/install/turtlebot3_navigation2:/home/sam/waiter_ws/install/turtlebot3_fake_node:/home/sam/waiter_ws/install/turtlebot3_msgs:/home/sam/waiter_ws/install/turtlebot3_gazebo:/home/sam/waiter_ws/install/turtlebot3_description:/home/sam/waiter_ws/install/turtlebot3_cartographer PYTHONPATH=/home/sam/turtlebot3_ws/build/turtlebot3_example/prefix_override:/home/sam/turtlebot3_ws/install/turtlebot3_example/lib/python3.10/site-packages:${PYTHONPATH} /usr/bin/python3 -W ignore:setup.py install is deprecated setup.py develop --editable --build-directory /home/sam/turtlebot3_ws/build/turtlebot3_example/build --no-deps symlink_data
[0.574s] running develop
[0.574s] /usr/lib/python3/dist-packages/setuptools/command/easy_install.py:158: EasyInstallDeprecationWarning: easy_install command is deprecated. Use build and pip and other standards-based tools.
[0.574s]   warnings.warn(
[0.668s] running egg_info
[0.668s] writing turtlebot3_example.egg-info/PKG-INFO
[0.668s] writing dependency_links to turtlebot3_example.egg-info/dependency_links.txt
[0.668s] writing entry points to turtlebot3_example.egg-info/entry_points.txt
[0.668s] writing requirements to turtlebot3_example.egg-info/requires.txt
[0.668s] writing top-level names to turtlebot3_example.egg-info/top_level.txt
[0.670s] reading manifest file 'turtlebot3_example.egg-info/SOURCES.txt'
[0.670s] writing manifest file 'turtlebot3_example.egg-info/SOURCES.txt'
[0.671s] running build_ext
[0.671s] Creating /home/sam/turtlebot3_ws/install/turtlebot3_example/lib/python3.10/site-packages/turtlebot3-example.egg-link (link to .)
[0.672s] Installing turtlebot3_obstacle_detection script to /home/sam/turtlebot3_ws/install/turtlebot3_example/lib/turtlebot3_example
[0.672s] Installing turtlebot3_patrol_client script to /home/sam/turtlebot3_ws/install/turtlebot3_example/lib/turtlebot3_example
[0.672s] Installing turtlebot3_patrol_server script to /home/sam/turtlebot3_ws/install/turtlebot3_example/lib/turtlebot3_example
[0.672s] Installing turtlebot3_position_control script to /home/sam/turtlebot3_ws/install/turtlebot3_example/lib/turtlebot3_example
[0.672s] 
[0.672s] Installed /home/sam/turtlebot3_ws/build/turtlebot3_example
[0.672s] running symlink_data
[0.689s] Invoked command in '/home/sam/turtlebot3_ws/build/turtlebot3_example' returned '0': CMAKE_PREFIX_PATH=/home/sam/turtlebot3_ws/install/turtlebot3_msgs:/home/sam/turtlebot3_ws/install/turtlebot3:/home/sam/turtlebot3_ws/install/turtlebot3_simulations:/home/sam/turtlebot3_ws/install/turtlebot3_bringup:/home/sam/turtlebot3_ws/install/turtlebot3_node:/home/sam/turtlebot3_ws/install/turtlebot3_navigation2:/home/sam/turtlebot3_ws/install/turtlebot3_fake_node:/home/sam/turtlebot3_ws/install/turtlebot3_gazebo:/home/sam/turtlebot3_ws/install/turtlebot3_description:/home/sam/turtlebot3_ws/install/turtlebot3_cartographer:/home/sam/turtlebot3_ws/install/hls_lfcd_lds_driver:/home/sam/turtlebot3_ws/install/dynamixel_sdk_examples:/home/sam/turtlebot3_ws/install/dynamixel_sdk_custom_interfaces:/home/sam/turtlebot3_ws/install/dynamixel_sdk:/home/sam/waiter_ws/install/waiter_robot:/home/sam/waiter_ws/install/turtlebot3:/home/sam/waiter_ws/install/turtlebot3_simulations:/home/sam/waiter_ws/install/turtlebot3_bringup:/home/sam/waiter_ws/install/turtlebot3_node:/home/sam/waiter_ws/install/turtlebot3_navigation2:/home/sam/waiter_ws/install/turtlebot3_fake_node:/home/sam/waiter_ws/install/turtlebot3_msgs:/home/sam/waiter_ws/install/turtlebot3_gazebo:/home/sam/waiter_ws/install/turtlebot3_description:/home/sam/waiter_ws/install/turtlebot3_cartographer PYTHONPATH=/home/sam/turtlebot3_ws/build/turtlebot3_example/prefix_override:/home/sam/turtlebot3_ws/install/turtlebot3_example/lib/python3.10/site-packages:${PYTHONPATH} /usr/bin/python3 -W ignore:setup.py install is deprecated setup.py develop --editable --build-directory /home/sam/turtlebot3_ws/build/turtlebot3_example/build --no-deps symlink_data
