[0.431s] Invoking command in '/home/sam/turtlebot3_ws/build/turtlebot3_example': CMAKE_PREFIX_PATH=/home/sam/turtlebot3_ws/install/turtlebot3_msgs:/home/sam/turtlebot3_ws/install/turtlebot3:/home/sam/turtlebot3_ws/install/turtlebot3_simulations:/home/sam/turtlebot3_ws/install/turtlebot3_bringup:/home/sam/turtlebot3_ws/install/turtlebot3_node:/home/sam/turtlebot3_ws/install/turtlebot3_navigation2:/home/sam/turtlebot3_ws/install/turtlebot3_fake_node:/home/sam/turtlebot3_ws/install/turtlebot3_gazebo:/home/sam/turtlebot3_ws/install/turtlebot3_description:/home/sam/turtlebot3_ws/install/turtlebot3_cartographer:/home/sam/turtlebot3_ws/install/hls_lfcd_lds_driver:/home/sam/turtlebot3_ws/install/dynamixel_sdk_examples:/home/sam/turtlebot3_ws/install/dynamixel_sdk_custom_interfaces:/home/sam/turtlebot3_ws/install/dynamixel_sdk PYTHONPATH=/home/sam/turtlebot3_ws/build/turtlebot3_example/prefix_override:/home/sam/turtlebot3_ws/install/turtlebot3_example/lib/python3.10/site-packages:${PYTHONPATH} /usr/bin/python3 -W ignore:setup.py install is deprecated setup.py develop --editable --build-directory /home/sam/turtlebot3_ws/build/turtlebot3_example/build --no-deps symlink_data
[0.611s] running develop
[0.611s] /usr/lib/python3/dist-packages/setuptools/command/easy_install.py:158: EasyInstallDeprecationWarning: easy_install command is deprecated. Use build and pip and other standards-based tools.
[0.611s]   warnings.warn(
[0.718s] running egg_info
[0.718s] writing turtlebot3_example.egg-info/PKG-INFO
[0.718s] writing dependency_links to turtlebot3_example.egg-info/dependency_links.txt
[0.718s] writing entry points to turtlebot3_example.egg-info/entry_points.txt
[0.718s] writing requirements to turtlebot3_example.egg-info/requires.txt
[0.718s] writing top-level names to turtlebot3_example.egg-info/top_level.txt
[0.720s] reading manifest file 'turtlebot3_example.egg-info/SOURCES.txt'
[0.720s] writing manifest file 'turtlebot3_example.egg-info/SOURCES.txt'
[0.721s] running build_ext
[0.721s] Creating /home/sam/turtlebot3_ws/install/turtlebot3_example/lib/python3.10/site-packages/turtlebot3-example.egg-link (link to .)
[0.722s] Installing turtlebot3_obstacle_detection script to /home/sam/turtlebot3_ws/install/turtlebot3_example/lib/turtlebot3_example
[0.722s] Installing turtlebot3_patrol_client script to /home/sam/turtlebot3_ws/install/turtlebot3_example/lib/turtlebot3_example
[0.722s] Installing turtlebot3_patrol_server script to /home/sam/turtlebot3_ws/install/turtlebot3_example/lib/turtlebot3_example
[0.722s] Installing turtlebot3_position_control script to /home/sam/turtlebot3_ws/install/turtlebot3_example/lib/turtlebot3_example
[0.722s] 
[0.722s] Installed /home/sam/turtlebot3_ws/build/turtlebot3_example
[0.722s] running symlink_data
[0.742s] Invoked command in '/home/sam/turtlebot3_ws/build/turtlebot3_example' returned '0': CMAKE_PREFIX_PATH=/home/sam/turtlebot3_ws/install/turtlebot3_msgs:/home/sam/turtlebot3_ws/install/turtlebot3:/home/sam/turtlebot3_ws/install/turtlebot3_simulations:/home/sam/turtlebot3_ws/install/turtlebot3_bringup:/home/sam/turtlebot3_ws/install/turtlebot3_node:/home/sam/turtlebot3_ws/install/turtlebot3_navigation2:/home/sam/turtlebot3_ws/install/turtlebot3_fake_node:/home/sam/turtlebot3_ws/install/turtlebot3_gazebo:/home/sam/turtlebot3_ws/install/turtlebot3_description:/home/sam/turtlebot3_ws/install/turtlebot3_cartographer:/home/sam/turtlebot3_ws/install/hls_lfcd_lds_driver:/home/sam/turtlebot3_ws/install/dynamixel_sdk_examples:/home/sam/turtlebot3_ws/install/dynamixel_sdk_custom_interfaces:/home/sam/turtlebot3_ws/install/dynamixel_sdk PYTHONPATH=/home/sam/turtlebot3_ws/build/turtlebot3_example/prefix_override:/home/sam/turtlebot3_ws/install/turtlebot3_example/lib/python3.10/site-packages:${PYTHONPATH} /usr/bin/python3 -W ignore:setup.py install is deprecated setup.py develop --editable --build-directory /home/sam/turtlebot3_ws/build/turtlebot3_example/build --no-deps symlink_data
