[0.608s] Invoking command in '/home/sam/turtlebot3_ws/build/turtlebot3_example': AMENT_PREFIX_PATH=/home/sam/turtlebot3_ws/install/turtlebot3_msgs:${AMENT_PREFIX_PATH} CMAKE_PREFIX_PATH=/home/sam/turtlebot3_ws/install/turtlebot3_msgs LD_LIBRARY_PATH=/home/sam/turtlebot3_ws/install/turtlebot3_msgs/lib:${LD_LIBRARY_PATH} PYTHONPATH=/home/sam/turtlebot3_ws/build/turtlebot3_example/prefix_override:/home/sam/turtlebot3_ws/install/turtlebot3_example/lib/python3.10/site-packages:/home/sam/turtlebot3_ws/install/turtlebot3_msgs/local/lib/python3.10/dist-packages:${PYTHONPATH} /usr/bin/python3 -W ignore:setup.py install is deprecated setup.py develop --editable --build-directory /home/sam/turtlebot3_ws/build/turtlebot3_example/build --no-deps symlink_data
[0.862s] running develop
[0.862s] /usr/lib/python3/dist-packages/setuptools/command/easy_install.py:158: EasyInstallDeprecationWarning: easy_install command is deprecated. Use build and pip and other standards-based tools.
[0.862s]   warnings.warn(
[1.003s] running egg_info
[1.003s] creating turtlebot3_example.egg-info
[1.003s] writing turtlebot3_example.egg-info/PKG-INFO
[1.003s] writing dependency_links to turtlebot3_example.egg-info/dependency_links.txt
[1.003s] writing entry points to turtlebot3_example.egg-info/entry_points.txt
[1.004s] writing requirements to turtlebot3_example.egg-info/requires.txt
[1.004s] writing top-level names to turtlebot3_example.egg-info/top_level.txt
[1.004s] writing manifest file 'turtlebot3_example.egg-info/SOURCES.txt'
[1.006s] reading manifest file 'turtlebot3_example.egg-info/SOURCES.txt'
[1.007s] writing manifest file 'turtlebot3_example.egg-info/SOURCES.txt'
[1.008s] running build_ext
[1.008s] Creating /home/sam/turtlebot3_ws/install/turtlebot3_example/lib/python3.10/site-packages/turtlebot3-example.egg-link (link to .)
[1.009s] Installing turtlebot3_obstacle_detection script to /home/sam/turtlebot3_ws/install/turtlebot3_example/lib/turtlebot3_example
[1.009s] Installing turtlebot3_patrol_client script to /home/sam/turtlebot3_ws/install/turtlebot3_example/lib/turtlebot3_example
[1.009s] Installing turtlebot3_patrol_server script to /home/sam/turtlebot3_ws/install/turtlebot3_example/lib/turtlebot3_example
[1.010s] Installing turtlebot3_position_control script to /home/sam/turtlebot3_ws/install/turtlebot3_example/lib/turtlebot3_example
[1.010s] 
[1.010s] Installed /home/sam/turtlebot3_ws/build/turtlebot3_example
[1.010s] running symlink_data
[1.010s] creating /home/sam/turtlebot3_ws/install/turtlebot3_example/share/ament_index
[1.010s] creating /home/sam/turtlebot3_ws/install/turtlebot3_example/share/ament_index/resource_index
[1.010s] creating /home/sam/turtlebot3_ws/install/turtlebot3_example/share/ament_index/resource_index/packages
[1.010s] symbolically linking /home/sam/turtlebot3_ws/build/turtlebot3_example/resource/turtlebot3_example -> /home/sam/turtlebot3_ws/install/turtlebot3_example/share/ament_index/resource_index/packages
[1.010s] symbolically linking /home/sam/turtlebot3_ws/build/turtlebot3_example/package.xml -> /home/sam/turtlebot3_ws/install/turtlebot3_example/share/turtlebot3_example
[1.043s] Invoked command in '/home/sam/turtlebot3_ws/build/turtlebot3_example' returned '0': AMENT_PREFIX_PATH=/home/sam/turtlebot3_ws/install/turtlebot3_msgs:${AMENT_PREFIX_PATH} CMAKE_PREFIX_PATH=/home/sam/turtlebot3_ws/install/turtlebot3_msgs LD_LIBRARY_PATH=/home/sam/turtlebot3_ws/install/turtlebot3_msgs/lib:${LD_LIBRARY_PATH} PYTHONPATH=/home/sam/turtlebot3_ws/build/turtlebot3_example/prefix_override:/home/sam/turtlebot3_ws/install/turtlebot3_example/lib/python3.10/site-packages:/home/sam/turtlebot3_ws/install/turtlebot3_msgs/local/lib/python3.10/dist-packages:${PYTHONPATH} /usr/bin/python3 -W ignore:setup.py install is deprecated setup.py develop --editable --build-directory /home/sam/turtlebot3_ws/build/turtlebot3_example/build --no-deps symlink_data
