[0.024s] Invoking command in '/home/sam/turtlebot3_ws/build/dynamixel_sdk': CMAKE_PREFIX_PATH=${CMAKE_PREFIX_PATH}:/home/sam/turtlebot3_ws/install/turtlebot3_teleop:/home/sam/turtlebot3_ws/install/turtlebot3_example:/home/sam/turtlebot3_ws/install/tb3_sim:/opt/ros/humble /usr/bin/cmake --build /home/sam/turtlebot3_ws/build/dynamixel_sdk -- -j8 -l8
[0.142s] [100%] Built target dynamixel_sdk
[0.158s] Invoked command in '/home/sam/turtlebot3_ws/build/dynamixel_sdk' returned '0': CMAKE_PREFIX_PATH=${CMAKE_PREFIX_PATH}:/home/sam/turtlebot3_ws/install/turtlebot3_teleop:/home/sam/turtlebot3_ws/install/turtlebot3_example:/home/sam/turtlebot3_ws/install/tb3_sim:/opt/ros/humble /usr/bin/cmake --build /home/sam/turtlebot3_ws/build/dynamixel_sdk -- -j8 -l8
[0.237s] Invoking command in '/home/sam/turtlebot3_ws/build/dynamixel_sdk': CMAKE_PREFIX_PATH=${CMAKE_PREFIX_PATH}:/home/sam/turtlebot3_ws/install/turtlebot3_teleop:/home/sam/turtlebot3_ws/install/turtlebot3_example:/home/sam/turtlebot3_ws/install/tb3_sim:/opt/ros/humble /usr/bin/cmake --install /home/sam/turtlebot3_ws/build/dynamixel_sdk
[0.244s] -- Install configuration: ""
[0.245s] -- Execute custom install script
[0.245s] -- Up-to-date symlink: /home/sam/turtlebot3_ws/install/dynamixel_sdk/include//dynamixel_sdk/dynamixel_sdk.h
[0.245s] -- Up-to-date symlink: /home/sam/turtlebot3_ws/install/dynamixel_sdk/include//dynamixel_sdk/group_bulk_read.h
[0.245s] -- Up-to-date symlink: /home/sam/turtlebot3_ws/install/dynamixel_sdk/include//dynamixel_sdk/group_bulk_write.h
[0.246s] -- Up-to-date symlink: /home/sam/turtlebot3_ws/install/dynamixel_sdk/include//dynamixel_sdk/group_sync_read.h
[0.246s] -- Up-to-date symlink: /home/sam/turtlebot3_ws/install/dynamixel_sdk/include//dynamixel_sdk/group_sync_write.h
[0.246s] -- Up-to-date symlink: /home/sam/turtlebot3_ws/install/dynamixel_sdk/include//dynamixel_sdk/packet_handler.h
[0.246s] -- Up-to-date symlink: /home/sam/turtlebot3_ws/install/dynamixel_sdk/include//dynamixel_sdk/port_handler.h
[0.246s] -- Up-to-date symlink: /home/sam/turtlebot3_ws/install/dynamixel_sdk/include//dynamixel_sdk/port_handler_arduino.h
[0.246s] -- Up-to-date symlink: /home/sam/turtlebot3_ws/install/dynamixel_sdk/include//dynamixel_sdk/port_handler_linux.h
[0.246s] -- Up-to-date symlink: /home/sam/turtlebot3_ws/install/dynamixel_sdk/include//dynamixel_sdk/port_handler_mac.h
[0.246s] -- Up-to-date symlink: /home/sam/turtlebot3_ws/install/dynamixel_sdk/include//dynamixel_sdk/port_handler_windows.h
[0.246s] -- Up-to-date symlink: /home/sam/turtlebot3_ws/install/dynamixel_sdk/include//dynamixel_sdk/protocol1_packet_handler.h
[0.246s] -- Up-to-date symlink: /home/sam/turtlebot3_ws/install/dynamixel_sdk/include//dynamixel_sdk/protocol2_packet_handler.h
[0.247s] -- Up-to-date symlink: /home/sam/turtlebot3_ws/install/dynamixel_sdk/lib/libdynamixel_sdk.so
[0.247s] -- Up-to-date symlink: /home/sam/turtlebot3_ws/install/dynamixel_sdk/share/dynamixel_sdk/environment/library_path.sh
[0.247s] -- Up-to-date symlink: /home/sam/turtlebot3_ws/install/dynamixel_sdk/share/dynamixel_sdk/environment/library_path.dsv
[0.247s] -- Up-to-date symlink: /home/sam/turtlebot3_ws/install/dynamixel_sdk/share/ament_index/resource_index/package_run_dependencies/dynamixel_sdk
[0.247s] -- Up-to-date symlink: /home/sam/turtlebot3_ws/install/dynamixel_sdk/share/ament_index/resource_index/parent_prefix_path/dynamixel_sdk
[0.247s] -- Up-to-date symlink: /home/sam/turtlebot3_ws/install/dynamixel_sdk/share/dynamixel_sdk/environment/ament_prefix_path.sh
[0.247s] -- Up-to-date symlink: /home/sam/turtlebot3_ws/install/dynamixel_sdk/share/dynamixel_sdk/environment/ament_prefix_path.dsv
[0.248s] -- Up-to-date symlink: /home/sam/turtlebot3_ws/install/dynamixel_sdk/share/dynamixel_sdk/environment/path.sh
[0.248s] -- Up-to-date symlink: /home/sam/turtlebot3_ws/install/dynamixel_sdk/share/dynamixel_sdk/environment/path.dsv
[0.248s] -- Up-to-date symlink: /home/sam/turtlebot3_ws/install/dynamixel_sdk/share/dynamixel_sdk/local_setup.bash
[0.248s] -- Up-to-date symlink: /home/sam/turtlebot3_ws/install/dynamixel_sdk/share/dynamixel_sdk/local_setup.sh
[0.248s] -- Up-to-date symlink: /home/sam/turtlebot3_ws/install/dynamixel_sdk/share/dynamixel_sdk/local_setup.zsh
[0.248s] -- Up-to-date symlink: /home/sam/turtlebot3_ws/install/dynamixel_sdk/share/dynamixel_sdk/local_setup.dsv
[0.248s] -- Symlinking: /home/sam/turtlebot3_ws/install/dynamixel_sdk/share/dynamixel_sdk/package.dsv
[0.257s] -- Up-to-date symlink: /home/sam/turtlebot3_ws/install/dynamixel_sdk/share/ament_index/resource_index/packages/dynamixel_sdk
[0.257s] -- Up-to-date symlink: /home/sam/turtlebot3_ws/install/dynamixel_sdk/share/dynamixel_sdk/cmake/ament_cmake_export_include_directories-extras.cmake
[0.257s] -- Up-to-date symlink: /home/sam/turtlebot3_ws/install/dynamixel_sdk/share/dynamixel_sdk/cmake/ament_cmake_export_libraries-extras.cmake
[0.258s] -- Up-to-date symlink: /home/sam/turtlebot3_ws/install/dynamixel_sdk/share/dynamixel_sdk/cmake/dynamixel_sdkConfig.cmake
[0.258s] -- Up-to-date symlink: /home/sam/turtlebot3_ws/install/dynamixel_sdk/share/dynamixel_sdk/cmake/dynamixel_sdkConfig-version.cmake
[0.258s] -- Up-to-date symlink: /home/sam/turtlebot3_ws/install/dynamixel_sdk/share/dynamixel_sdk/package.xml
[0.436s] Invoked command in '/home/sam/turtlebot3_ws/build/dynamixel_sdk' returned '0': CMAKE_PREFIX_PATH=${CMAKE_PREFIX_PATH}:/home/sam/turtlebot3_ws/install/turtlebot3_teleop:/home/sam/turtlebot3_ws/install/turtlebot3_example:/home/sam/turtlebot3_ws/install/tb3_sim:/opt/ros/humble /usr/bin/cmake --install /home/sam/turtlebot3_ws/build/dynamixel_sdk
