[0.158s] Invoking command in '/home/sam/turtlebot3_ws/build/turtlebot3_fake_node': CMAKE_PREFIX_PATH=/home/sam/turtlebot3_ws/install/turtlebot3_msgs:/home/sam/turtlebot3_ws/install/turtlebot3:/home/sam/turtlebot3_ws/install/turtlebot3_simulations:/home/sam/turtlebot3_ws/install/turtlebot3_bringup:/home/sam/turtlebot3_ws/install/turtlebot3_node:/home/sam/turtlebot3_ws/install/turtlebot3_navigation2:/home/sam/turtlebot3_ws/install/turtlebot3_fake_node:/home/sam/turtlebot3_ws/install/turtlebot3_gazebo:/home/sam/turtlebot3_ws/install/turtlebot3_description:/home/sam/turtlebot3_ws/install/turtlebot3_cartographer:/home/sam/turtlebot3_ws/install/hls_lfcd_lds_driver:/home/sam/turtlebot3_ws/install/dynamixel_sdk_examples:/home/sam/turtlebot3_ws/install/dynamixel_sdk_custom_interfaces:/home/sam/turtlebot3_ws/install/dynamixel_sdk:/home/sam/turtlebot3_ws/install/turtlebot3_teleop:/home/sam/turtlebot3_ws/install/turtlebot3_example:/home/sam/turtlebot3_ws/install/tb3_sim:/home/sam/turtlebot3_ws/install/res_sim:/opt/ros/humble /usr/bin/cmake --build /home/sam/turtlebot3_ws/build/turtlebot3_fake_node -- -j8 -l8
[0.198s] [100%] Built target turtlebot3_fake_node
[0.210s] Invoked command in '/home/sam/turtlebot3_ws/build/turtlebot3_fake_node' returned '0': CMAKE_PREFIX_PATH=/home/sam/turtlebot3_ws/install/turtlebot3_msgs:/home/sam/turtlebot3_ws/install/turtlebot3:/home/sam/turtlebot3_ws/install/turtlebot3_simulations:/home/sam/turtlebot3_ws/install/turtlebot3_bringup:/home/sam/turtlebot3_ws/install/turtlebot3_node:/home/sam/turtlebot3_ws/install/turtlebot3_navigation2:/home/sam/turtlebot3_ws/install/turtlebot3_fake_node:/home/sam/turtlebot3_ws/install/turtlebot3_gazebo:/home/sam/turtlebot3_ws/install/turtlebot3_description:/home/sam/turtlebot3_ws/install/turtlebot3_cartographer:/home/sam/turtlebot3_ws/install/hls_lfcd_lds_driver:/home/sam/turtlebot3_ws/install/dynamixel_sdk_examples:/home/sam/turtlebot3_ws/install/dynamixel_sdk_custom_interfaces:/home/sam/turtlebot3_ws/install/dynamixel_sdk:/home/sam/turtlebot3_ws/install/turtlebot3_teleop:/home/sam/turtlebot3_ws/install/turtlebot3_example:/home/sam/turtlebot3_ws/install/tb3_sim:/home/sam/turtlebot3_ws/install/res_sim:/opt/ros/humble /usr/bin/cmake --build /home/sam/turtlebot3_ws/build/turtlebot3_fake_node -- -j8 -l8
[0.227s] Invoking command in '/home/sam/turtlebot3_ws/build/turtlebot3_fake_node': CMAKE_PREFIX_PATH=/home/sam/turtlebot3_ws/install/turtlebot3_msgs:/home/sam/turtlebot3_ws/install/turtlebot3:/home/sam/turtlebot3_ws/install/turtlebot3_simulations:/home/sam/turtlebot3_ws/install/turtlebot3_bringup:/home/sam/turtlebot3_ws/install/turtlebot3_node:/home/sam/turtlebot3_ws/install/turtlebot3_navigation2:/home/sam/turtlebot3_ws/install/turtlebot3_fake_node:/home/sam/turtlebot3_ws/install/turtlebot3_gazebo:/home/sam/turtlebot3_ws/install/turtlebot3_description:/home/sam/turtlebot3_ws/install/turtlebot3_cartographer:/home/sam/turtlebot3_ws/install/hls_lfcd_lds_driver:/home/sam/turtlebot3_ws/install/dynamixel_sdk_examples:/home/sam/turtlebot3_ws/install/dynamixel_sdk_custom_interfaces:/home/sam/turtlebot3_ws/install/dynamixel_sdk:/home/sam/turtlebot3_ws/install/turtlebot3_teleop:/home/sam/turtlebot3_ws/install/turtlebot3_example:/home/sam/turtlebot3_ws/install/tb3_sim:/home/sam/turtlebot3_ws/install/res_sim:/opt/ros/humble /usr/bin/cmake --install /home/sam/turtlebot3_ws/build/turtlebot3_fake_node
[0.233s] -- Install configuration: ""
[0.233s] -- Execute custom install script
[0.233s] -- Up-to-date symlink: /home/sam/turtlebot3_ws/install/turtlebot3_fake_node/lib/turtlebot3_fake_node/turtlebot3_fake_node
[0.233s] -- Up-to-date symlink: /home/sam/turtlebot3_ws/install/turtlebot3_fake_node/share/turtlebot3_fake_node/launch/rviz2.launch.py
[0.234s] -- Up-to-date symlink: /home/sam/turtlebot3_ws/install/turtlebot3_fake_node/share/turtlebot3_fake_node/launch/turtlebot3_fake_node.launch.py
[0.234s] -- Up-to-date symlink: /home/sam/turtlebot3_ws/install/turtlebot3_fake_node/share/turtlebot3_fake_node/param/burger.yaml
[0.234s] -- Up-to-date symlink: /home/sam/turtlebot3_ws/install/turtlebot3_fake_node/share/turtlebot3_fake_node/param/waffle.yaml
[0.234s] -- Up-to-date symlink: /home/sam/turtlebot3_ws/install/turtlebot3_fake_node/share/turtlebot3_fake_node/param/waffle_pi.yaml
[0.234s] -- Up-to-date symlink: /home/sam/turtlebot3_ws/install/turtlebot3_fake_node/include//turtlebot3_fake_node/turtlebot3_fake_node.hpp
[0.234s] -- Up-to-date symlink: /home/sam/turtlebot3_ws/install/turtlebot3_fake_node/share/ament_index/resource_index/package_run_dependencies/turtlebot3_fake_node
[0.234s] -- Up-to-date symlink: /home/sam/turtlebot3_ws/install/turtlebot3_fake_node/share/ament_index/resource_index/parent_prefix_path/turtlebot3_fake_node
[0.234s] -- Up-to-date symlink: /home/sam/turtlebot3_ws/install/turtlebot3_fake_node/share/turtlebot3_fake_node/environment/ament_prefix_path.sh
[0.234s] -- Up-to-date symlink: /home/sam/turtlebot3_ws/install/turtlebot3_fake_node/share/turtlebot3_fake_node/environment/ament_prefix_path.dsv
[0.234s] -- Up-to-date symlink: /home/sam/turtlebot3_ws/install/turtlebot3_fake_node/share/turtlebot3_fake_node/environment/path.sh
[0.234s] -- Up-to-date symlink: /home/sam/turtlebot3_ws/install/turtlebot3_fake_node/share/turtlebot3_fake_node/environment/path.dsv
[0.235s] -- Up-to-date symlink: /home/sam/turtlebot3_ws/install/turtlebot3_fake_node/share/turtlebot3_fake_node/local_setup.bash
[0.235s] -- Up-to-date symlink: /home/sam/turtlebot3_ws/install/turtlebot3_fake_node/share/turtlebot3_fake_node/local_setup.sh
[0.235s] -- Up-to-date symlink: /home/sam/turtlebot3_ws/install/turtlebot3_fake_node/share/turtlebot3_fake_node/local_setup.zsh
[0.235s] -- Up-to-date symlink: /home/sam/turtlebot3_ws/install/turtlebot3_fake_node/share/turtlebot3_fake_node/local_setup.dsv
[0.235s] -- Symlinking: /home/sam/turtlebot3_ws/install/turtlebot3_fake_node/share/turtlebot3_fake_node/package.dsv
[0.242s] -- Up-to-date symlink: /home/sam/turtlebot3_ws/install/turtlebot3_fake_node/share/ament_index/resource_index/packages/turtlebot3_fake_node
[0.243s] -- Up-to-date symlink: /home/sam/turtlebot3_ws/install/turtlebot3_fake_node/share/turtlebot3_fake_node/cmake/ament_cmake_export_include_directories-extras.cmake
[0.243s] -- Up-to-date symlink: /home/sam/turtlebot3_ws/install/turtlebot3_fake_node/share/turtlebot3_fake_node/cmake/ament_cmake_export_dependencies-extras.cmake
[0.243s] -- Up-to-date symlink: /home/sam/turtlebot3_ws/install/turtlebot3_fake_node/share/turtlebot3_fake_node/cmake/turtlebot3_fake_nodeConfig.cmake
[0.243s] -- Up-to-date symlink: /home/sam/turtlebot3_ws/install/turtlebot3_fake_node/share/turtlebot3_fake_node/cmake/turtlebot3_fake_nodeConfig-version.cmake
[0.243s] -- Up-to-date symlink: /home/sam/turtlebot3_ws/install/turtlebot3_fake_node/share/turtlebot3_fake_node/package.xml
[0.244s] Invoked command in '/home/sam/turtlebot3_ws/build/turtlebot3_fake_node' returned '0': CMAKE_PREFIX_PATH=/home/sam/turtlebot3_ws/install/turtlebot3_msgs:/home/sam/turtlebot3_ws/install/turtlebot3:/home/sam/turtlebot3_ws/install/turtlebot3_simulations:/home/sam/turtlebot3_ws/install/turtlebot3_bringup:/home/sam/turtlebot3_ws/install/turtlebot3_node:/home/sam/turtlebot3_ws/install/turtlebot3_navigation2:/home/sam/turtlebot3_ws/install/turtlebot3_fake_node:/home/sam/turtlebot3_ws/install/turtlebot3_gazebo:/home/sam/turtlebot3_ws/install/turtlebot3_description:/home/sam/turtlebot3_ws/install/turtlebot3_cartographer:/home/sam/turtlebot3_ws/install/hls_lfcd_lds_driver:/home/sam/turtlebot3_ws/install/dynamixel_sdk_examples:/home/sam/turtlebot3_ws/install/dynamixel_sdk_custom_interfaces:/home/sam/turtlebot3_ws/install/dynamixel_sdk:/home/sam/turtlebot3_ws/install/turtlebot3_teleop:/home/sam/turtlebot3_ws/install/turtlebot3_example:/home/sam/turtlebot3_ws/install/tb3_sim:/home/sam/turtlebot3_ws/install/res_sim:/opt/ros/humble /usr/bin/cmake --install /home/sam/turtlebot3_ws/build/turtlebot3_fake_node
