[0.005s] Invoking command in '/home/sam/turtlebot3_ws/build/turtlebot3_simulations': AMENT_PREFIX_PATH=/home/sam/turtlebot3_ws/install/turtlebot3_fake_node:/home/sam/turtlebot3_ws/install/turtlebot3_msgs:/home/sam/turtlebot3_ws/install/turtlebot3_gazebo:${AMENT_PREFIX_PATH} CMAKE_PREFIX_PATH=/home/sam/turtlebot3_ws/install/turtlebot3_fake_node:/home/sam/turtlebot3_ws/install/turtlebot3_msgs:/home/sam/turtlebot3_ws/install/turtlebot3_gazebo:/opt/ros/humble LD_LIBRARY_PATH=/home/sam/turtlebot3_ws/install/turtlebot3_msgs/lib:${LD_LIBRARY_PATH} PYTHONPATH=/home/sam/turtlebot3_ws/install/turtlebot3_msgs/local/lib/python3.10/dist-packages:${PYTHONPATH} /usr/bin/cmake /home/sam/turtlebot3_ws/src/turtlebot3/turtlebot3_simulations/turtlebot3_simulations -DAMENT_CMAKE_SYMLINK_INSTALL=1 -DCMAKE_INSTALL_PREFIX=/home/sam/turtlebot3_ws/install/turtlebot3_simulations
[0.034s] -- The C compiler identification is GNU 11.4.0
[0.064s] -- The CXX compiler identification is GNU 11.4.0
[0.068s] -- Detecting C compiler ABI info
[0.104s] -- Detecting C compiler ABI info - done
[0.108s] -- Check for working C compiler: /usr/bin/cc - skipped
[0.108s] -- Detecting C compile features
[0.108s] -- Detecting C compile features - done
[0.110s] -- Detecting CXX compiler ABI info
[0.152s] -- Detecting CXX compiler ABI info - done
[0.156s] -- Check for working CXX compiler: /usr/bin/c++ - skipped
[0.157s] -- Detecting CXX compile features
[0.157s] -- Detecting CXX compile features - done
[0.158s] -- Found ament_cmake: 1.3.8 (/opt/ros/humble/share/ament_cmake/cmake)
[0.248s] -- Found Python3: /usr/bin/python3 (found version "3.10.12") found components: Interpreter 
[0.283s] -- Override CMake install command with custom implementation using symlinks instead of copying resources
[0.336s] -- Configuring done
[0.337s] -- Generating done
[0.338s] -- Build files have been written to: /home/sam/turtlebot3_ws/build/turtlebot3_simulations
[0.340s] Invoked command in '/home/sam/turtlebot3_ws/build/turtlebot3_simulations' returned '0': AMENT_PREFIX_PATH=/home/sam/turtlebot3_ws/install/turtlebot3_fake_node:/home/sam/turtlebot3_ws/install/turtlebot3_msgs:/home/sam/turtlebot3_ws/install/turtlebot3_gazebo:${AMENT_PREFIX_PATH} CMAKE_PREFIX_PATH=/home/sam/turtlebot3_ws/install/turtlebot3_fake_node:/home/sam/turtlebot3_ws/install/turtlebot3_msgs:/home/sam/turtlebot3_ws/install/turtlebot3_gazebo:/opt/ros/humble LD_LIBRARY_PATH=/home/sam/turtlebot3_ws/install/turtlebot3_msgs/lib:${LD_LIBRARY_PATH} PYTHONPATH=/home/sam/turtlebot3_ws/install/turtlebot3_msgs/local/lib/python3.10/dist-packages:${PYTHONPATH} /usr/bin/cmake /home/sam/turtlebot3_ws/src/turtlebot3/turtlebot3_simulations/turtlebot3_simulations -DAMENT_CMAKE_SYMLINK_INSTALL=1 -DCMAKE_INSTALL_PREFIX=/home/sam/turtlebot3_ws/install/turtlebot3_simulations
[0.341s] Invoking command in '/home/sam/turtlebot3_ws/build/turtlebot3_simulations': AMENT_PREFIX_PATH=/home/sam/turtlebot3_ws/install/turtlebot3_fake_node:/home/sam/turtlebot3_ws/install/turtlebot3_msgs:/home/sam/turtlebot3_ws/install/turtlebot3_gazebo:${AMENT_PREFIX_PATH} CMAKE_PREFIX_PATH=/home/sam/turtlebot3_ws/install/turtlebot3_fake_node:/home/sam/turtlebot3_ws/install/turtlebot3_msgs:/home/sam/turtlebot3_ws/install/turtlebot3_gazebo:/opt/ros/humble LD_LIBRARY_PATH=/home/sam/turtlebot3_ws/install/turtlebot3_msgs/lib:${LD_LIBRARY_PATH} PYTHONPATH=/home/sam/turtlebot3_ws/install/turtlebot3_msgs/local/lib/python3.10/dist-packages:${PYTHONPATH} /usr/bin/cmake --build /home/sam/turtlebot3_ws/build/turtlebot3_simulations -- -j8 -l8
[0.360s] Invoked command in '/home/sam/turtlebot3_ws/build/turtlebot3_simulations' returned '0': AMENT_PREFIX_PATH=/home/sam/turtlebot3_ws/install/turtlebot3_fake_node:/home/sam/turtlebot3_ws/install/turtlebot3_msgs:/home/sam/turtlebot3_ws/install/turtlebot3_gazebo:${AMENT_PREFIX_PATH} CMAKE_PREFIX_PATH=/home/sam/turtlebot3_ws/install/turtlebot3_fake_node:/home/sam/turtlebot3_ws/install/turtlebot3_msgs:/home/sam/turtlebot3_ws/install/turtlebot3_gazebo:/opt/ros/humble LD_LIBRARY_PATH=/home/sam/turtlebot3_ws/install/turtlebot3_msgs/lib:${LD_LIBRARY_PATH} PYTHONPATH=/home/sam/turtlebot3_ws/install/turtlebot3_msgs/local/lib/python3.10/dist-packages:${PYTHONPATH} /usr/bin/cmake --build /home/sam/turtlebot3_ws/build/turtlebot3_simulations -- -j8 -l8
[0.371s] Invoking command in '/home/sam/turtlebot3_ws/build/turtlebot3_simulations': AMENT_PREFIX_PATH=/home/sam/turtlebot3_ws/install/turtlebot3_fake_node:/home/sam/turtlebot3_ws/install/turtlebot3_msgs:/home/sam/turtlebot3_ws/install/turtlebot3_gazebo:${AMENT_PREFIX_PATH} CMAKE_PREFIX_PATH=/home/sam/turtlebot3_ws/install/turtlebot3_fake_node:/home/sam/turtlebot3_ws/install/turtlebot3_msgs:/home/sam/turtlebot3_ws/install/turtlebot3_gazebo:/opt/ros/humble LD_LIBRARY_PATH=/home/sam/turtlebot3_ws/install/turtlebot3_msgs/lib:${LD_LIBRARY_PATH} PYTHONPATH=/home/sam/turtlebot3_ws/install/turtlebot3_msgs/local/lib/python3.10/dist-packages:${PYTHONPATH} /usr/bin/cmake --install /home/sam/turtlebot3_ws/build/turtlebot3_simulations
[0.375s] -- Install configuration: ""
[0.375s] -- Execute custom install script
[0.375s] -- Symlinking: /home/sam/turtlebot3_ws/install/turtlebot3_simulations/share/ament_index/resource_index/package_run_dependencies/turtlebot3_simulations
[0.380s] -- Symlinking: /home/sam/turtlebot3_ws/install/turtlebot3_simulations/share/ament_index/resource_index/parent_prefix_path/turtlebot3_simulations
[0.385s] -- Symlinking: /home/sam/turtlebot3_ws/install/turtlebot3_simulations/share/turtlebot3_simulations/environment/ament_prefix_path.sh
[0.389s] -- Symlinking: /home/sam/turtlebot3_ws/install/turtlebot3_simulations/share/turtlebot3_simulations/environment/ament_prefix_path.dsv
[0.394s] -- Symlinking: /home/sam/turtlebot3_ws/install/turtlebot3_simulations/share/turtlebot3_simulations/environment/path.sh
[0.399s] -- Symlinking: /home/sam/turtlebot3_ws/install/turtlebot3_simulations/share/turtlebot3_simulations/environment/path.dsv
[0.404s] -- Symlinking: /home/sam/turtlebot3_ws/install/turtlebot3_simulations/share/turtlebot3_simulations/local_setup.bash
[0.408s] -- Symlinking: /home/sam/turtlebot3_ws/install/turtlebot3_simulations/share/turtlebot3_simulations/local_setup.sh
[0.413s] -- Symlinking: /home/sam/turtlebot3_ws/install/turtlebot3_simulations/share/turtlebot3_simulations/local_setup.zsh
[0.417s] -- Symlinking: /home/sam/turtlebot3_ws/install/turtlebot3_simulations/share/turtlebot3_simulations/local_setup.dsv
[0.422s] -- Symlinking: /home/sam/turtlebot3_ws/install/turtlebot3_simulations/share/turtlebot3_simulations/package.dsv
[0.426s] -- Symlinking: /home/sam/turtlebot3_ws/install/turtlebot3_simulations/share/ament_index/resource_index/packages/turtlebot3_simulations
[0.431s] -- Symlinking: /home/sam/turtlebot3_ws/install/turtlebot3_simulations/share/turtlebot3_simulations/cmake/turtlebot3_simulationsConfig.cmake
[0.436s] -- Symlinking: /home/sam/turtlebot3_ws/install/turtlebot3_simulations/share/turtlebot3_simulations/cmake/turtlebot3_simulationsConfig-version.cmake
[0.440s] -- Symlinking: /home/sam/turtlebot3_ws/install/turtlebot3_simulations/share/turtlebot3_simulations/package.xml
[0.446s] Invoked command in '/home/sam/turtlebot3_ws/build/turtlebot3_simulations' returned '0': AMENT_PREFIX_PATH=/home/sam/turtlebot3_ws/install/turtlebot3_fake_node:/home/sam/turtlebot3_ws/install/turtlebot3_msgs:/home/sam/turtlebot3_ws/install/turtlebot3_gazebo:${AMENT_PREFIX_PATH} CMAKE_PREFIX_PATH=/home/sam/turtlebot3_ws/install/turtlebot3_fake_node:/home/sam/turtlebot3_ws/install/turtlebot3_msgs:/home/sam/turtlebot3_ws/install/turtlebot3_gazebo:/opt/ros/humble LD_LIBRARY_PATH=/home/sam/turtlebot3_ws/install/turtlebot3_msgs/lib:${LD_LIBRARY_PATH} PYTHONPATH=/home/sam/turtlebot3_ws/install/turtlebot3_msgs/local/lib/python3.10/dist-packages:${PYTHONPATH} /usr/bin/cmake --install /home/sam/turtlebot3_ws/build/turtlebot3_simulations
