[0.020s] Invoking command in '/home/sam/turtlebot3_ws/build/turtlebot3_msgs': CMAKE_PREFIX_PATH=/opt/ros/humble /usr/bin/cmake --build /home/sam/turtlebot3_ws/build/turtlebot3_msgs -- -j8 -l8
[0.067s] [35m[1mConsolidate compiler generated dependencies of target turtlebot3_msgs__rosidl_generator_c[0m
[0.077s] [  1%] Built target turtlebot3_msgs__cpp
[0.088s] [  1%] Built target ament_cmake_python_symlink_turtlebot3_msgs
[0.088s] [ 12%] Built target turtlebot3_msgs__rosidl_generator_c
[0.093s] [35m[1mConsolidate compiler generated dependencies of target turtlebot3_msgs__rosidl_typesupport_introspection_cpp[0m
[0.105s] [35m[1mConsolidate compiler generated dependencies of target turtlebot3_msgs__rosidl_typesupport_fastrtps_cpp[0m
[0.127s] [35m[1mConsolidate compiler generated dependencies of target turtlebot3_msgs__rosidl_typesupport_cpp[0m
[0.127s] [ 23%] Built target turtlebot3_msgs__rosidl_typesupport_introspection_cpp
[0.127s] [35m[1mConsolidate compiler generated dependencies of target turtlebot3_msgs__rosidl_typesupport_fastrtps_c[0m
[0.127s] [35m[1mConsolidate compiler generated dependencies of target turtlebot3_msgs__rosidl_typesupport_introspection_c[0m
[0.127s] [35m[1mConsolidate compiler generated dependencies of target turtlebot3_msgs__rosidl_typesupport_c[0m
[0.131s] [ 35%] Built target turtlebot3_msgs__rosidl_typesupport_fastrtps_cpp
[0.144s] [ 53%] Built target turtlebot3_msgs__rosidl_typesupport_fastrtps_c
[0.144s] [ 57%] Built target turtlebot3_msgs__rosidl_typesupport_cpp
[0.147s] [ 69%] Built target turtlebot3_msgs__rosidl_typesupport_c
[0.152s] [ 80%] Built target turtlebot3_msgs__rosidl_typesupport_introspection_c
[0.182s] [ 80%] Built target turtlebot3_msgs
[0.205s] [ 81%] Built target turtlebot3_msgs__py
[0.215s] [35m[1mConsolidate compiler generated dependencies of target turtlebot3_msgs__rosidl_generator_py[0m
[0.227s] [ 91%] Built target turtlebot3_msgs__rosidl_generator_py
[0.236s] [35m[1mConsolidate compiler generated dependencies of target turtlebot3_msgs__rosidl_typesupport_introspection_c__pyext[0m
[0.236s] [35m[1mConsolidate compiler generated dependencies of target turtlebot3_msgs__rosidl_typesupport_c__pyext[0m
[0.248s] [35m[1mConsolidate compiler generated dependencies of target turtlebot3_msgs__rosidl_typesupport_fastrtps_c__pyext[0m
[0.259s] [ 94%] Built target turtlebot3_msgs__rosidl_typesupport_c__pyext
[0.264s] [ 97%] Built target turtlebot3_msgs__rosidl_typesupport_introspection_c__pyext
[0.264s] [100%] Built target turtlebot3_msgs__rosidl_typesupport_fastrtps_c__pyext
[0.308s] running egg_info
[0.309s] writing turtlebot3_msgs.egg-info/PKG-INFO
[0.309s] writing dependency_links to turtlebot3_msgs.egg-info/dependency_links.txt
[0.309s] writing top-level names to turtlebot3_msgs.egg-info/top_level.txt
[0.310s] reading manifest file 'turtlebot3_msgs.egg-info/SOURCES.txt'
[0.311s] writing manifest file 'turtlebot3_msgs.egg-info/SOURCES.txt'
[0.327s] [100%] Built target ament_cmake_python_build_turtlebot3_msgs_egg
[0.433s] Invoked command in '/home/sam/turtlebot3_ws/build/turtlebot3_msgs' returned '0': CMAKE_PREFIX_PATH=/opt/ros/humble /usr/bin/cmake --build /home/sam/turtlebot3_ws/build/turtlebot3_msgs -- -j8 -l8
