[0.014s] Invoking command in '/home/sam/turtlebot3_ws/build/turtlebot3_node': AMENT_PREFIX_PATH=/home/sam/turtlebot3_ws/install/turtlebot3_msgs:/home/sam/turtlebot3_ws/install/dynamixel_sdk:${AMENT_PREFIX_PATH} CMAKE_PREFIX_PATH=/home/sam/turtlebot3_ws/install/turtlebot3_msgs:/home/sam/turtlebot3_ws/install/dynamixel_sdk:/opt/ros/humble LD_LIBRARY_PATH=/home/sam/turtlebot3_ws/install/turtlebot3_msgs/lib:/home/sam/turtlebot3_ws/install/dynamixel_sdk/lib:${LD_LIBRARY_PATH} PYTHONPATH=/home/sam/turtlebot3_ws/install/turtlebot3_msgs/local/lib/python3.10/dist-packages:${PYTHONPATH} /usr/bin/cmake --build /home/sam/turtlebot3_ws/build/turtlebot3_node -- -j8 -l8
[0.193s] [ 85%] Built target turtlebot3_node_lib
[0.193s] [100%] Built target turtlebot3_ros
[0.198s] Invoked command in '/home/sam/turtlebot3_ws/build/turtlebot3_node' returned '0': AMENT_PREFIX_PATH=/home/sam/turtlebot3_ws/install/turtlebot3_msgs:/home/sam/turtlebot3_ws/install/dynamixel_sdk:${AMENT_PREFIX_PATH} CMAKE_PREFIX_PATH=/home/sam/turtlebot3_ws/install/turtlebot3_msgs:/home/sam/turtlebot3_ws/install/dynamixel_sdk:/opt/ros/humble LD_LIBRARY_PATH=/home/sam/turtlebot3_ws/install/turtlebot3_msgs/lib:/home/sam/turtlebot3_ws/install/dynamixel_sdk/lib:${LD_LIBRARY_PATH} PYTHONPATH=/home/sam/turtlebot3_ws/install/turtlebot3_msgs/local/lib/python3.10/dist-packages:${PYTHONPATH} /usr/bin/cmake --build /home/sam/turtlebot3_ws/build/turtlebot3_node -- -j8 -l8
[0.251s] Invoking command in '/home/sam/turtlebot3_ws/build/turtlebot3_node': AMENT_PREFIX_PATH=/home/sam/turtlebot3_ws/install/turtlebot3_msgs:/home/sam/turtlebot3_ws/install/dynamixel_sdk:${AMENT_PREFIX_PATH} CMAKE_PREFIX_PATH=/home/sam/turtlebot3_ws/install/turtlebot3_msgs:/home/sam/turtlebot3_ws/install/dynamixel_sdk:/opt/ros/humble LD_LIBRARY_PATH=/home/sam/turtlebot3_ws/install/turtlebot3_msgs/lib:/home/sam/turtlebot3_ws/install/dynamixel_sdk/lib:${LD_LIBRARY_PATH} PYTHONPATH=/home/sam/turtlebot3_ws/install/turtlebot3_msgs/local/lib/python3.10/dist-packages:${PYTHONPATH} /usr/bin/cmake --install /home/sam/turtlebot3_ws/build/turtlebot3_node
[0.257s] -- Install configuration: ""
[0.258s] -- Execute custom install script
[0.258s] -- Up-to-date symlink: /home/sam/turtlebot3_ws/install/turtlebot3_node/share/turtlebot3_node/param/burger.yaml
[0.259s] -- Up-to-date symlink: /home/sam/turtlebot3_ws/install/turtlebot3_node/share/turtlebot3_node/param/waffle.yaml
[0.259s] -- Up-to-date symlink: /home/sam/turtlebot3_ws/install/turtlebot3_node/share/turtlebot3_node/param/waffle_pi.yaml
[0.259s] -- Up-to-date symlink: /home/sam/turtlebot3_ws/install/turtlebot3_node/lib/turtlebot3_node/turtlebot3_ros
[0.259s] -- Up-to-date symlink: /home/sam/turtlebot3_ws/install/turtlebot3_node/share/ament_index/resource_index/package_run_dependencies/turtlebot3_node
[0.259s] -- Up-to-date symlink: /home/sam/turtlebot3_ws/install/turtlebot3_node/share/ament_index/resource_index/parent_prefix_path/turtlebot3_node
[0.260s] -- Up-to-date symlink: /home/sam/turtlebot3_ws/install/turtlebot3_node/share/turtlebot3_node/environment/ament_prefix_path.sh
[0.260s] -- Up-to-date symlink: /home/sam/turtlebot3_ws/install/turtlebot3_node/share/turtlebot3_node/environment/ament_prefix_path.dsv
[0.260s] -- Up-to-date symlink: /home/sam/turtlebot3_ws/install/turtlebot3_node/share/turtlebot3_node/environment/path.sh
[0.260s] -- Up-to-date symlink: /home/sam/turtlebot3_ws/install/turtlebot3_node/share/turtlebot3_node/environment/path.dsv
[0.261s] -- Up-to-date symlink: /home/sam/turtlebot3_ws/install/turtlebot3_node/share/turtlebot3_node/local_setup.bash
[0.261s] -- Up-to-date symlink: /home/sam/turtlebot3_ws/install/turtlebot3_node/share/turtlebot3_node/local_setup.sh
[0.261s] -- Up-to-date symlink: /home/sam/turtlebot3_ws/install/turtlebot3_node/share/turtlebot3_node/local_setup.zsh
[0.261s] -- Up-to-date symlink: /home/sam/turtlebot3_ws/install/turtlebot3_node/share/turtlebot3_node/local_setup.dsv
[0.262s] -- Symlinking: /home/sam/turtlebot3_ws/install/turtlebot3_node/share/turtlebot3_node/package.dsv
[0.270s] -- Up-to-date symlink: /home/sam/turtlebot3_ws/install/turtlebot3_node/share/ament_index/resource_index/packages/turtlebot3_node
[0.270s] -- Up-to-date symlink: /home/sam/turtlebot3_ws/install/turtlebot3_node/share/turtlebot3_node/cmake/ament_cmake_export_include_directories-extras.cmake
[0.270s] -- Up-to-date symlink: /home/sam/turtlebot3_ws/install/turtlebot3_node/share/turtlebot3_node/cmake/turtlebot3_nodeConfig.cmake
[0.270s] -- Up-to-date symlink: /home/sam/turtlebot3_ws/install/turtlebot3_node/share/turtlebot3_node/cmake/turtlebot3_nodeConfig-version.cmake
[0.270s] -- Up-to-date symlink: /home/sam/turtlebot3_ws/install/turtlebot3_node/share/turtlebot3_node/package.xml
[0.272s] Invoked command in '/home/sam/turtlebot3_ws/build/turtlebot3_node' returned '0': AMENT_PREFIX_PATH=/home/sam/turtlebot3_ws/install/turtlebot3_msgs:/home/sam/turtlebot3_ws/install/dynamixel_sdk:${AMENT_PREFIX_PATH} CMAKE_PREFIX_PATH=/home/sam/turtlebot3_ws/install/turtlebot3_msgs:/home/sam/turtlebot3_ws/install/dynamixel_sdk:/opt/ros/humble LD_LIBRARY_PATH=/home/sam/turtlebot3_ws/install/turtlebot3_msgs/lib:/home/sam/turtlebot3_ws/install/dynamixel_sdk/lib:${LD_LIBRARY_PATH} PYTHONPATH=/home/sam/turtlebot3_ws/install/turtlebot3_msgs/local/lib/python3.10/dist-packages:${PYTHONPATH} /usr/bin/cmake --install /home/sam/turtlebot3_ws/build/turtlebot3_node
