[0.007s] Invoking command in '/home/sam/turtlebot3_ws/build/dynamixel_sdk_examples': AMENT_PREFIX_PATH=/home/sam/turtlebot3_ws/install/dynamixel_sdk_custom_interfaces:/home/sam/turtlebot3_ws/install/dynamixel_sdk:${AMENT_PREFIX_PATH} CMAKE_PREFIX_PATH=/home/sam/turtlebot3_ws/install/dynamixel_sdk_custom_interfaces:/home/sam/turtlebot3_ws/install/dynamixel_sdk:/opt/ros/humble LD_LIBRARY_PATH=/home/sam/turtlebot3_ws/install/dynamixel_sdk_custom_interfaces/lib:/home/sam/turtlebot3_ws/install/dynamixel_sdk/lib:${LD_LIBRARY_PATH} PYTHONPATH=/home/sam/turtlebot3_ws/install/dynamixel_sdk_custom_interfaces/local/lib/python3.10/dist-packages:${PYTHONPATH} /usr/bin/cmake --build /home/sam/turtlebot3_ws/build/dynamixel_sdk_examples -- -j8 -l8
[0.040s] [100%] Built target read_write_node
[0.049s] Invoked command in '/home/sam/turtlebot3_ws/build/dynamixel_sdk_examples' returned '0': AMENT_PREFIX_PATH=/home/sam/turtlebot3_ws/install/dynamixel_sdk_custom_interfaces:/home/sam/turtlebot3_ws/install/dynamixel_sdk:${AMENT_PREFIX_PATH} CMAKE_PREFIX_PATH=/home/sam/turtlebot3_ws/install/dynamixel_sdk_custom_interfaces:/home/sam/turtlebot3_ws/install/dynamixel_sdk:/opt/ros/humble LD_LIBRARY_PATH=/home/sam/turtlebot3_ws/install/dynamixel_sdk_custom_interfaces/lib:/home/sam/turtlebot3_ws/install/dynamixel_sdk/lib:${LD_LIBRARY_PATH} PYTHONPATH=/home/sam/turtlebot3_ws/install/dynamixel_sdk_custom_interfaces/local/lib/python3.10/dist-packages:${PYTHONPATH} /usr/bin/cmake --build /home/sam/turtlebot3_ws/build/dynamixel_sdk_examples -- -j8 -l8
[0.235s] Invoking command in '/home/sam/turtlebot3_ws/build/dynamixel_sdk_examples': AMENT_PREFIX_PATH=/home/sam/turtlebot3_ws/install/dynamixel_sdk_custom_interfaces:/home/sam/turtlebot3_ws/install/dynamixel_sdk:${AMENT_PREFIX_PATH} CMAKE_PREFIX_PATH=/home/sam/turtlebot3_ws/install/dynamixel_sdk_custom_interfaces:/home/sam/turtlebot3_ws/install/dynamixel_sdk:/opt/ros/humble LD_LIBRARY_PATH=/home/sam/turtlebot3_ws/install/dynamixel_sdk_custom_interfaces/lib:/home/sam/turtlebot3_ws/install/dynamixel_sdk/lib:${LD_LIBRARY_PATH} PYTHONPATH=/home/sam/turtlebot3_ws/install/dynamixel_sdk_custom_interfaces/local/lib/python3.10/dist-packages:${PYTHONPATH} /usr/bin/cmake --install /home/sam/turtlebot3_ws/build/dynamixel_sdk_examples
[0.240s] -- Install configuration: ""
[0.240s] -- Execute custom install script
[0.240s] -- Up-to-date symlink: /home/sam/turtlebot3_ws/install/dynamixel_sdk_examples/lib/dynamixel_sdk_examples/read_write_node
[0.241s] -- Up-to-date symlink: /home/sam/turtlebot3_ws/install/dynamixel_sdk_examples/share/ament_index/resource_index/package_run_dependencies/dynamixel_sdk_examples
[0.241s] -- Up-to-date symlink: /home/sam/turtlebot3_ws/install/dynamixel_sdk_examples/share/ament_index/resource_index/parent_prefix_path/dynamixel_sdk_examples
[0.241s] -- Up-to-date symlink: /home/sam/turtlebot3_ws/install/dynamixel_sdk_examples/share/dynamixel_sdk_examples/environment/ament_prefix_path.sh
[0.241s] -- Up-to-date symlink: /home/sam/turtlebot3_ws/install/dynamixel_sdk_examples/share/dynamixel_sdk_examples/environment/ament_prefix_path.dsv
[0.241s] -- Up-to-date symlink: /home/sam/turtlebot3_ws/install/dynamixel_sdk_examples/share/dynamixel_sdk_examples/environment/path.sh
[0.241s] -- Up-to-date symlink: /home/sam/turtlebot3_ws/install/dynamixel_sdk_examples/share/dynamixel_sdk_examples/environment/path.dsv
[0.241s] -- Up-to-date symlink: /home/sam/turtlebot3_ws/install/dynamixel_sdk_examples/share/dynamixel_sdk_examples/local_setup.bash
[0.241s] -- Up-to-date symlink: /home/sam/turtlebot3_ws/install/dynamixel_sdk_examples/share/dynamixel_sdk_examples/local_setup.sh
[0.242s] -- Up-to-date symlink: /home/sam/turtlebot3_ws/install/dynamixel_sdk_examples/share/dynamixel_sdk_examples/local_setup.zsh
[0.242s] -- Up-to-date symlink: /home/sam/turtlebot3_ws/install/dynamixel_sdk_examples/share/dynamixel_sdk_examples/local_setup.dsv
[0.242s] -- Symlinking: /home/sam/turtlebot3_ws/install/dynamixel_sdk_examples/share/dynamixel_sdk_examples/package.dsv
[0.249s] -- Up-to-date symlink: /home/sam/turtlebot3_ws/install/dynamixel_sdk_examples/share/ament_index/resource_index/packages/dynamixel_sdk_examples
[0.250s] -- Up-to-date symlink: /home/sam/turtlebot3_ws/install/dynamixel_sdk_examples/share/dynamixel_sdk_examples/cmake/dynamixel_sdk_examplesConfig.cmake
[0.250s] -- Up-to-date symlink: /home/sam/turtlebot3_ws/install/dynamixel_sdk_examples/share/dynamixel_sdk_examples/cmake/dynamixel_sdk_examplesConfig-version.cmake
[0.250s] -- Up-to-date symlink: /home/sam/turtlebot3_ws/install/dynamixel_sdk_examples/share/dynamixel_sdk_examples/package.xml
[0.256s] Invoked command in '/home/sam/turtlebot3_ws/build/dynamixel_sdk_examples' returned '0': AMENT_PREFIX_PATH=/home/sam/turtlebot3_ws/install/dynamixel_sdk_custom_interfaces:/home/sam/turtlebot3_ws/install/dynamixel_sdk:${AMENT_PREFIX_PATH} CMAKE_PREFIX_PATH=/home/sam/turtlebot3_ws/install/dynamixel_sdk_custom_interfaces:/home/sam/turtlebot3_ws/install/dynamixel_sdk:/opt/ros/humble LD_LIBRARY_PATH=/home/sam/turtlebot3_ws/install/dynamixel_sdk_custom_interfaces/lib:/home/sam/turtlebot3_ws/install/dynamixel_sdk/lib:${LD_LIBRARY_PATH} PYTHONPATH=/home/sam/turtlebot3_ws/install/dynamixel_sdk_custom_interfaces/local/lib/python3.10/dist-packages:${PYTHONPATH} /usr/bin/cmake --install /home/sam/turtlebot3_ws/build/dynamixel_sdk_examples
